# JRE version: Java(TM) SE Runtime Environment (8.0_101-b13) (build 1.8.0_101-b13)
# Java VM: Java HotSpot(TM) 64-Bit Server VM (25.101-b13 mixed mode windows-amd64 compressed oops)
Heap:
 PSYoungGen      total 201216K, used 46037K [0x00000000eab00000, 0x00000000fbf00000, 0x0000000100000000)
  eden space 129024K, 10% used [0x00000000eab00000,0x00000000eb7f35d8,0x00000000f2900000)
  from space 72192K, 45% used [0x00000000f7880000,0x00000000f9881f58,0x00000000fbf00000)
  to   space 76800K, 0% used [0x00000000f2900000,0x00000000f2900000,0x00000000f7400000)
 ParOldGen       total 652800K, used 301749K [0x00000000c0000000, 0x00000000e7d80000, 0x00000000eab00000)
  object space 652800K, 46% used [0x00000000c0000000,0x00000000d26ad6b8,0x00000000e7d80000)
 Metaspace       used 94174K, capacity 101144K, committed 121944K, reserved 1155072K
  class space    used 11840K, capacity 12912K, committed 15488K, reserved 1048576K
GC Heap History (10 events):
Event: 10619.479 GC heap before
{Heap before GC invocations=253 (full 36):
 PSYoungGen      total 144384K, used 143653K [0x00000000eab00000, 0x00000000fea80000, 0x0000000100000000)
  eden space 121344K, 99% used [0x00000000eab00000,0x00000000f2113868,0x00000000f2180000)
  from space 23040K, 98% used [0x00000000f2180000,0x00000000f37b5cb8,0x00000000f3800000)
  to   space 100864K, 0% used [0x00000000f8800000,0x00000000f8800000,0x00000000fea80000)
 ParOldGen       total 652800K, used 301725K [0x00000000c0000000, 0x00000000e7d80000, 0x00000000eab00000)
  object space 652800K, 46% used [0x00000000c0000000,0x00000000d26a76b8,0x00000000e7d80000)
 Metaspace       used 93299K, capacity 99438K, committed 121688K, reserved 1155072K
  class space    used 11685K, capacity 12610K, committed 15488K, reserved 1048576K
Event: 10619.508 GC heap after
Heap after GC invocations=253 (full 36):
 PSYoungGen      total 210944K, used 27811K [0x00000000eab00000, 0x00000000fdc80000, 0x0000000100000000)
  eden space 124416K, 0% used [0x00000000eab00000,0x00000000eab00000,0x00000000f2480000)
  from space 86528K, 32% used [0x00000000f8800000,0x00000000fa328d20,0x00000000fdc80000)
  to   space 94208K, 0% used [0x00000000f2480000,0x00000000f2480000,0x00000000f8080000)
 ParOldGen       total 652800K, used 301733K [0x00000000c0000000, 0x00000000e7d80000, 0x00000000eab00000)
  object space 652800K, 46% used [0x00000000c0000000,0x00000000d26a96b8,0x00000000e7d80000)
 Metaspace       used 93299K, capacity 99438K, committed 121688K, reserved 1155072K
  class space    used 11685K, capacity 12610K, committed 15488K, reserved 1048576K
}
Event: 16924.177 GC heap before
{Heap before GC invocations=254 (full 36):
 PSYoungGen      total 210944K, used 152227K [0x00000000eab00000, 0x00000000fdc80000, 0x0000000100000000)
  eden space 124416K, 100% used [0x00000000eab00000,0x00000000f2480000,0x00000000f2480000)
  from space 86528K, 32% used [0x00000000f8800000,0x00000000fa328d20,0x00000000fdc80000)
  to   space 94208K, 0% used [0x00000000f2480000,0x00000000f2480000,0x00000000f8080000)
 ParOldGen       total 652800K, used 301733K [0x00000000c0000000, 0x00000000e7d80000, 0x00000000eab00000)
  object space 652800K, 46% used [0x00000000c0000000,0x00000000d26a96b8,0x00000000e7d80000)
 Metaspace       used 93477K, capacity 99716K, committed 121688K, reserved 1155072K
  class space    used 11712K, capacity 12650K, committed 15488K, reserved 1048576K
Event: 16924.220 GC heap after
Heap after GC invocations=254 (full 36):
 PSYoungGen      total 147456K, used 22704K [0x00000000eab00000, 0x00000000fd400000, 0x0000000100000000)
  eden space 124416K, 0% used [0x00000000eab00000,0x00000000eab00000,0x00000000f2480000)
  from space 23040K, 98% used [0x00000000f2480000,0x00000000f3aac030,0x00000000f3b00000)
  to   space 88576K, 0% used [0x00000000f7d80000,0x00000000f7d80000,0x00000000fd400000)
 ParOldGen       total 652800K, used 301741K [0x00000000c0000000, 0x00000000e7d80000, 0x00000000eab00000)
  object space 652800K, 46% used [0x00000000c0000000,0x00000000d26ab6b8,0x00000000e7d80000)
 Metaspace       used 93477K, capacity 99716K, committed 121688K, reserved 1155072K
  class space    used 11712K, capacity 12650K, committed 15488K, reserved 1048576K
}
Event: 16926.619 GC heap before
{Heap before GC invocations=255 (full 36):
 PSYoungGen      total 147456K, used 147120K [0x00000000eab00000, 0x00000000fd400000, 0x0000000100000000)
  eden space 124416K, 100% used [0x00000000eab00000,0x00000000f2480000,0x00000000f2480000)
  from space 23040K, 98% used [0x00000000f2480000,0x00000000f3aac030,0x00000000f3b00000)
  to   space 88576K, 0% used [0x00000000f7d80000,0x00000000f7d80000,0x00000000fd400000)
 ParOldGen       total 652800K, used 301741K [0x00000000c0000000, 0x00000000e7d80000, 0x00000000eab00000)
  object space 652800K, 46% used [0x00000000c0000000,0x00000000d26ab6b8,0x00000000e7d80000)
 Metaspace       used 93514K, capacity 99720K, committed 121688K, reserved 1155072K
  class space    used 11713K, capacity 12650K, committed 15488K, reserved 1048576K
Event: 16926.640 GC heap after
Heap after GC invocations=255 (full 36):
 PSYoungGen      total 207360K, used 33158K [0x00000000eab00000, 0x00000000fcc00000, 0x0000000100000000)
  eden space 126976K, 0% used [0x00000000eab00000,0x00000000eab00000,0x00000000f2700000)
  from space 80384K, 41% used [0x00000000f7d80000,0x00000000f9de18a8,0x00000000fcc00000)
  to   space 84480K, 0% used [0x00000000f2700000,0x00000000f2700000,0x00000000f7980000)
 ParOldGen       total 652800K, used 301741K [0x00000000c0000000, 0x00000000e7d80000, 0x00000000eab00000)
  object space 652800K, 46% used [0x00000000c0000000,0x00000000d26ab6b8,0x00000000e7d80000)
 Metaspace       used 93514K, capacity 99720K, committed 121688K, reserved 1155072K
  class space    used 11713K, capacity 12650K, committed 15488K, reserved 1048576K
}
Event: 16931.686 GC heap before
{Heap before GC invocations=256 (full 36):
 PSYoungGen      total 207360K, used 160134K [0x00000000eab00000, 0x00000000fcc00000, 0x0000000100000000)
  eden space 126976K, 100% used [0x00000000eab00000,0x00000000f2700000,0x00000000f2700000)
  from space 80384K, 41% used [0x00000000f7d80000,0x00000000f9de18a8,0x00000000fcc00000)
  to   space 84480K, 0% used [0x00000000f2700000,0x00000000f2700000,0x00000000f7980000)
 ParOldGen       total 652800K, used 301741K [0x00000000c0000000, 0x00000000e7d80000, 0x00000000eab00000)
  object space 652800K, 46% used [0x00000000c0000000,0x00000000d26ab6b8,0x00000000e7d80000)
 Metaspace       used 93536K, capacity 99784K, committed 121688K, reserved 1155072K
  class space    used 11713K, capacity 12650K, committed 15488K, reserved 1048576K
Event: 16931.719 GC heap after
Heap after GC invocations=256 (full 36):
 PSYoungGen      total 161792K, used 34630K [0x00000000eab00000, 0x00000000fc780000, 0x0000000100000000)
  eden space 126976K, 0% used [0x00000000eab00000,0x00000000eab00000,0x00000000f2700000)
  from space 34816K, 99% used [0x00000000f2700000,0x00000000f48d18a8,0x00000000f4900000)
  to   space 80896K, 0% used [0x00000000f7880000,0x00000000f7880000,0x00000000fc780000)
 ParOldGen       total 652800K, used 301741K [0x00000000c0000000, 0x00000000e7d80000, 0x00000000eab00000)
  object space 652800K, 46% used [0x00000000c0000000,0x00000000d26ab6b8,0x00000000e7d80000)
 Metaspace       used 93536K, capacity 99784K, committed 121688K, reserved 1155072K
  class space    used 11713K, capacity 12650K, committed 15488K, reserved 1048576K
}
Event: 16955.093 GC heap before
{Heap before GC invocations=257 (full 36):
 PSYoungGen      total 161792K, used 161606K [0x00000000eab00000, 0x00000000fc780000, 0x0000000100000000)
  eden space 126976K, 100% used [0x00000000eab00000,0x00000000f2700000,0x00000000f2700000)
  from space 34816K, 99% used [0x00000000f2700000,0x00000000f48d18a8,0x00000000f4900000)
  to   space 80896K, 0% used [0x00000000f7880000,0x00000000f7880000,0x00000000fc780000)
 ParOldGen       total 652800K, used 301741K [0x00000000c0000000, 0x00000000e7d80000, 0x00000000eab00000)
  object space 652800K, 46% used [0x00000000c0000000,0x00000000d26ab6b8,0x00000000e7d80000)
 Metaspace       used 94168K, capacity 101138K, committed 121944K, reserved 1155072K
  class space    used 11840K, capacity 12911K, committed 15488K, reserved 1048576K
Event: 16955.114 GC heap after
Heap after GC invocations=257 (full 36):
 PSYoungGen      total 201216K, used 32775K [0x00000000eab00000, 0x00000000fbf00000, 0x0000000100000000)
  eden space 129024K, 0% used [0x00000000eab00000,0x00000000eab00000,0x00000000f2900000)
  from space 72192K, 45% used [0x00000000f7880000,0x00000000f9881f58,0x00000000fbf00000)
  to   space 76800K, 0% used [0x00000000f2900000,0x00000000f2900000,0x00000000f7400000)
 ParOldGen       total 652800K, used 301749K [0x00000000c0000000, 0x00000000e7d80000, 0x00000000eab00000)
  object space 652800K, 46% used [0x00000000c0000000,0x00000000d26ad6b8,0x00000000e7d80000)
 Metaspace       used 94168K, capacity 101138K, committed 121944K, reserved 1155072K
  class space    used 11840K, capacity 12911K, committed 15488K, reserved 1048576K
}

