# JRE version: Java(TM) SE Runtime Environment (8.0_101-b13) (build 1.8.0_101-b13)
# Java VM: Java HotSpot(TM) 64-Bit Server VM (25.101-b13 mixed mode windows-amd64 compressed oops)
Heap:
 PSYoungGen      total 234496K, used 172026K [0x00000000eab00000, 0x00000000fec00000, 0x0000000100000000)
  eden space 145920K, 96% used [0x00000000eab00000,0x00000000f349d0c0,0x00000000f3980000)
  from space 88576K, 35% used [0x00000000f3980000,0x00000000f57e1b10,0x00000000f9000000)
  to   space 83456K, 0% used [0x00000000f9a80000,0x00000000f9a80000,0x00000000fec00000)
 ParOldGen       total 699392K, used 636121K [0x00000000c0000000, 0x00000000eab00000, 0x00000000eab00000)
  object space 699392K, 90% used [0x00000000c0000000,0x00000000e6d365f8,0x00000000eab00000)
 Metaspace       used 103366K, capacity 108812K, committed 109016K, reserved 1144832K
  class space    used 13097K, capacity 14030K, committed 14080K, reserved 1048576K
GC Heap History (10 events):
Event: 2666.156 GC heap before
{Heap before GC invocations=59 (full 8):
 PSYoungGen      total 233984K, used 129536K [0x00000000eab00000, 0x00000000ffb80000, 0x0000000100000000)
  eden space 129536K, 100% used [0x00000000eab00000,0x00000000f2980000,0x00000000f2980000)
  from space 104448K, 0% used [0x00000000f9580000,0x00000000f9580000,0x00000000ffb80000)
  to   space 107520K, 0% used [0x00000000f2980000,0x00000000f2980000,0x00000000f9280000)
 ParOldGen       total 699392K, used 636113K [0x00000000c0000000, 0x00000000eab00000, 0x00000000eab00000)
  object space 699392K, 90% used [0x00000000c0000000,0x00000000e6d345f8,0x00000000eab00000)
 Metaspace       used 102272K, capacity 107584K, committed 107864K, reserved 1142784K
  class space    used 12923K, capacity 13852K, committed 13952K, reserved 1048576K
Event: 2666.178 GC heap after
Heap after GC invocations=59 (full 8):
 PSYoungGen      total 237056K, used 9952K [0x00000000eab00000, 0x00000000fff00000, 0x0000000100000000)
  eden space 129536K, 0% used [0x00000000eab00000,0x00000000eab00000,0x00000000f2980000)
  from space 107520K, 9% used [0x00000000f2980000,0x00000000f3338000,0x00000000f9280000)
  to   space 105472K, 0% used [0x00000000f9800000,0x00000000f9800000,0x00000000fff00000)
 ParOldGen       total 699392K, used 636113K [0x00000000c0000000, 0x00000000eab00000, 0x00000000eab00000)
  object space 699392K, 90% used [0x00000000c0000000,0x00000000e6d345f8,0x00000000eab00000)
 Metaspace       used 102272K, capacity 107584K, committed 107864K, reserved 1142784K
  class space    used 12923K, capacity 13852K, committed 13952K, reserved 1048576K
}
Event: 2666.338 GC heap before
{Heap before GC invocations=60 (full 8):
 PSYoungGen      total 237056K, used 139488K [0x00000000eab00000, 0x00000000fff00000, 0x0000000100000000)
  eden space 129536K, 100% used [0x00000000eab00000,0x00000000f2980000,0x00000000f2980000)
  from space 107520K, 9% used [0x00000000f2980000,0x00000000f3338000,0x00000000f9280000)
  to   space 105472K, 0% used [0x00000000f9800000,0x00000000f9800000,0x00000000fff00000)
 ParOldGen       total 699392K, used 636113K [0x00000000c0000000, 0x00000000eab00000, 0x00000000eab00000)
  object space 699392K, 90% used [0x00000000c0000000,0x00000000e6d345f8,0x00000000eab00000)
 Metaspace       used 102272K, capacity 107584K, committed 107864K, reserved 1142784K
  class space    used 12923K, capacity 13852K, committed 13952K, reserved 1048576K
Event: 2666.361 GC heap after
Heap after GC invocations=60 (full 8):
 PSYoungGen      total 231424K, used 20896K [0x00000000eab00000, 0x00000000ff500000, 0x0000000100000000)
  eden space 136192K, 0% used [0x00000000eab00000,0x00000000eab00000,0x00000000f3000000)
  from space 95232K, 21% used [0x00000000f9800000,0x00000000fac68000,0x00000000ff500000)
  to   space 100864K, 0% used [0x00000000f3000000,0x00000000f3000000,0x00000000f9280000)
 ParOldGen       total 699392K, used 636113K [0x00000000c0000000, 0x00000000eab00000, 0x00000000eab00000)
  object space 699392K, 90% used [0x00000000c0000000,0x00000000e6d345f8,0x00000000eab00000)
 Metaspace       used 102272K, capacity 107584K, committed 107864K, reserved 1142784K
  class space    used 12923K, capacity 13852K, committed 13952K, reserved 1048576K
}
Event: 2666.746 GC heap before
{Heap before GC invocations=61 (full 8):
 PSYoungGen      total 231424K, used 157088K [0x00000000eab00000, 0x00000000ff500000, 0x0000000100000000)
  eden space 136192K, 100% used [0x00000000eab00000,0x00000000f3000000,0x00000000f3000000)
  from space 95232K, 21% used [0x00000000f9800000,0x00000000fac68000,0x00000000ff500000)
  to   space 100864K, 0% used [0x00000000f3000000,0x00000000f3000000,0x00000000f9280000)
 ParOldGen       total 699392K, used 636113K [0x00000000c0000000, 0x00000000eab00000, 0x00000000eab00000)
  object space 699392K, 90% used [0x00000000c0000000,0x00000000e6d345f8,0x00000000eab00000)
 Metaspace       used 102418K, capacity 107712K, committed 108120K, reserved 1142784K
  class space    used 12937K, capacity 13852K, committed 13952K, reserved 1048576K
Event: 2666.784 GC heap after
Heap after GC invocations=61 (full 8):
 PSYoungGen      total 237056K, used 30944K [0x00000000eab00000, 0x00000000ff300000, 0x0000000100000000)
  eden space 136192K, 0% used [0x00000000eab00000,0x00000000eab00000,0x00000000f3000000)
  from space 100864K, 30% used [0x00000000f3000000,0x00000000f4e38000,0x00000000f9280000)
  to   space 94208K, 0% used [0x00000000f9700000,0x00000000f9700000,0x00000000ff300000)
 ParOldGen       total 699392K, used 636121K [0x00000000c0000000, 0x00000000eab00000, 0x00000000eab00000)
  object space 699392K, 90% used [0x00000000c0000000,0x00000000e6d365f8,0x00000000eab00000)
 Metaspace       used 102418K, capacity 107712K, committed 108120K, reserved 1142784K
  class space    used 12937K, capacity 13852K, committed 13952K, reserved 1048576K
}
Event: 2667.717 GC heap before
{Heap before GC invocations=62 (full 8):
 PSYoungGen      total 237056K, used 167136K [0x00000000eab00000, 0x00000000ff300000, 0x0000000100000000)
  eden space 136192K, 100% used [0x00000000eab00000,0x00000000f3000000,0x00000000f3000000)
  from space 100864K, 30% used [0x00000000f3000000,0x00000000f4e38000,0x00000000f9280000)
  to   space 94208K, 0% used [0x00000000f9700000,0x00000000f9700000,0x00000000ff300000)
 ParOldGen       total 699392K, used 636121K [0x00000000c0000000, 0x00000000eab00000, 0x00000000eab00000)
  object space 699392K, 90% used [0x00000000c0000000,0x00000000e6d365f8,0x00000000eab00000)
 Metaspace       used 102456K, capacity 107712K, committed 108120K, reserved 1142784K
  class space    used 12942K, capacity 13852K, committed 13952K, reserved 1048576K
Event: 2667.745 GC heap after
Heap after GC invocations=62 (full 8):
 PSYoungGen      total 227328K, used 31059K [0x00000000eab00000, 0x00000000fe680000, 0x0000000100000000)
  eden space 145920K, 0% used [0x00000000eab00000,0x00000000eab00000,0x00000000f3980000)
  from space 81408K, 38% used [0x00000000f9700000,0x00000000fb554d60,0x00000000fe680000)
  to   space 88576K, 0% used [0x00000000f3980000,0x00000000f3980000,0x00000000f9000000)
 ParOldGen       total 699392K, used 636121K [0x00000000c0000000, 0x00000000eab00000, 0x00000000eab00000)
  object space 699392K, 90% used [0x00000000c0000000,0x00000000e6d365f8,0x00000000eab00000)
 Metaspace       used 102456K, capacity 107712K, committed 108120K, reserved 1142784K
  class space    used 12942K, capacity 13852K, committed 13952K, reserved 1048576K
}
Event: 2667.779 GC heap before
{Heap before GC invocations=63 (full 8):
 PSYoungGen      total 227328K, used 176979K [0x00000000eab00000, 0x00000000fe680000, 0x0000000100000000)
  eden space 145920K, 100% used [0x00000000eab00000,0x00000000f3980000,0x00000000f3980000)
  from space 81408K, 38% used [0x00000000f9700000,0x00000000fb554d60,0x00000000fe680000)
  to   space 88576K, 0% used [0x00000000f3980000,0x00000000f3980000,0x00000000f9000000)
 ParOldGen       total 699392K, used 636121K [0x00000000c0000000, 0x00000000eab00000, 0x00000000eab00000)
  object space 699392K, 90% used [0x00000000c0000000,0x00000000e6d365f8,0x00000000eab00000)
 Metaspace       used 102456K, capacity 107712K, committed 108120K, reserved 1142784K
  class space    used 12942K, capacity 13852K, committed 13952K, reserved 1048576K
Event: 2667.807 GC heap after
Heap after GC invocations=63 (full 8):
 PSYoungGen      total 234496K, used 31110K [0x00000000eab00000, 0x00000000fec00000, 0x0000000100000000)
  eden space 145920K, 0% used [0x00000000eab00000,0x00000000eab00000,0x00000000f3980000)
  from space 88576K, 35% used [0x00000000f3980000,0x00000000f57e1b10,0x00000000f9000000)
  to   space 83456K, 0% used [0x00000000f9a80000,0x00000000f9a80000,0x00000000fec00000)
 ParOldGen       total 699392K, used 636121K [0x00000000c0000000, 0x00000000eab00000, 0x00000000eab00000)
  object space 699392K, 90% used [0x00000000c0000000,0x00000000e6d365f8,0x00000000eab00000)
 Metaspace       used 102456K, capacity 107712K, committed 108120K, reserved 1142784K
  class space    used 12942K, capacity 13852K, committed 13952K, reserved 1048576K
}

