# JRE version: Java(TM) SE Runtime Environment (8.0_101-b13) (build 1.8.0_101-b13)
# Java VM: Java HotSpot(TM) 64-Bit Server VM (25.101-b13 mixed mode windows-amd64 compressed oops)
Heap:
 PSYoungGen      total 232960K, used 95600K [0x00000000eab00000, 0x0000000100000000, 0x0000000100000000)
  eden space 116736K, 78% used [0x00000000eab00000,0x00000000f0446448,0x00000000f1d00000)
  from space 116224K, 3% used [0x00000000f8e80000,0x00000000f9295ed8,0x0000000100000000)
  to   space 116224K, 0% used [0x00000000f1d00000,0x00000000f1d00000,0x00000000f8e80000)
 ParOldGen       total 690688K, used 410907K [0x00000000c0000000, 0x00000000ea280000, 0x00000000eab00000)
  object space 690688K, 59% used [0x00000000c0000000,0x00000000d9146ff0,0x00000000ea280000)
 Metaspace       used 106746K, capacity 114398K, committed 137492K, reserved 1169408K
  class space    used 12921K, capacity 13957K, committed 16916K, reserved 1048576K
GC Heap History (10 events):
Event: 8981.180 GC heap before
{Heap before GC invocations=579 (full 41):
 PSYoungGen      total 232960K, used 187177K [0x00000000eab00000, 0x0000000100000000, 0x0000000100000000)
  eden space 116736K, 100% used [0x00000000eab00000,0x00000000f1d00000,0x00000000f1d00000)
  from space 116224K, 60% used [0x00000000f1d00000,0x00000000f61ca408,0x00000000f8e80000)
  to   space 116224K, 0% used [0x00000000f8e80000,0x00000000f8e80000,0x0000000100000000)
 ParOldGen       total 690688K, used 329889K [0x00000000c0000000, 0x00000000ea280000, 0x00000000eab00000)
  object space 690688K, 47% used [0x00000000c0000000,0x00000000d4228450,0x00000000ea280000)
 Metaspace       used 106571K, capacity 114128K, committed 137492K, reserved 1169408K
  class space    used 12891K, capacity 13860K, committed 16916K, reserved 1048576K
Event: 8981.233 GC heap after
Heap after GC invocations=579 (full 41):
 PSYoungGen      total 232960K, used 23011K [0x00000000eab00000, 0x0000000100000000, 0x0000000100000000)
  eden space 116736K, 0% used [0x00000000eab00000,0x00000000eab00000,0x00000000f1d00000)
  from space 116224K, 19% used [0x00000000f8e80000,0x00000000fa4f8cc0,0x0000000100000000)
  to   space 116224K, 0% used [0x00000000f1d00000,0x00000000f1d00000,0x00000000f8e80000)
 ParOldGen       total 690688K, used 384834K [0x00000000c0000000, 0x00000000ea280000, 0x00000000eab00000)
  object space 690688K, 55% used [0x00000000c0000000,0x00000000d77d0ad8,0x00000000ea280000)
 Metaspace       used 106571K, capacity 114128K, committed 137492K, reserved 1169408K
  class space    used 12891K, capacity 13860K, committed 16916K, reserved 1048576K
}
Event: 8982.035 GC heap before
{Heap before GC invocations=580 (full 41):
 PSYoungGen      total 232960K, used 139747K [0x00000000eab00000, 0x0000000100000000, 0x0000000100000000)
  eden space 116736K, 100% used [0x00000000eab00000,0x00000000f1d00000,0x00000000f1d00000)
  from space 116224K, 19% used [0x00000000f8e80000,0x00000000fa4f8cc0,0x0000000100000000)
  to   space 116224K, 0% used [0x00000000f1d00000,0x00000000f1d00000,0x00000000f8e80000)
 ParOldGen       total 690688K, used 384834K [0x00000000c0000000, 0x00000000ea280000, 0x00000000eab00000)
  object space 690688K, 55% used [0x00000000c0000000,0x00000000d77d0ad8,0x00000000ea280000)
 Metaspace       used 106575K, capacity 114132K, committed 137492K, reserved 1169408K
  class space    used 12891K, capacity 13860K, committed 16916K, reserved 1048576K
Event: 8982.055 GC heap after
Heap after GC invocations=580 (full 41):
 PSYoungGen      total 232960K, used 15264K [0x00000000eab00000, 0x0000000100000000, 0x0000000100000000)
  eden space 116736K, 0% used [0x00000000eab00000,0x00000000eab00000,0x00000000f1d00000)
  from space 116224K, 13% used [0x00000000f1d00000,0x00000000f2be8000,0x00000000f8e80000)
  to   space 116224K, 0% used [0x00000000f8e80000,0x00000000f8e80000,0x0000000100000000)
 ParOldGen       total 690688K, used 404185K [0x00000000c0000000, 0x00000000ea280000, 0x00000000eab00000)
  object space 690688K, 58% used [0x00000000c0000000,0x00000000d8ab64e0,0x00000000ea280000)
 Metaspace       used 106575K, capacity 114132K, committed 137492K, reserved 1169408K
  class space    used 12891K, capacity 13860K, committed 16916K, reserved 1048576K
}
Event: 8982.829 GC heap before
{Heap before GC invocations=581 (full 41):
 PSYoungGen      total 232960K, used 132000K [0x00000000eab00000, 0x0000000100000000, 0x0000000100000000)
  eden space 116736K, 100% used [0x00000000eab00000,0x00000000f1d00000,0x00000000f1d00000)
  from space 116224K, 13% used [0x00000000f1d00000,0x00000000f2be8000,0x00000000f8e80000)
  to   space 116224K, 0% used [0x00000000f8e80000,0x00000000f8e80000,0x0000000100000000)
 ParOldGen       total 690688K, used 404185K [0x00000000c0000000, 0x00000000ea280000, 0x00000000eab00000)
  object space 690688K, 58% used [0x00000000c0000000,0x00000000d8ab64e0,0x00000000ea280000)
 Metaspace       used 106591K, capacity 114158K, committed 137492K, reserved 1169408K
  class space    used 12897K, capacity 13868K, committed 16916K, reserved 1048576K
Event: 8982.840 GC heap after
Heap after GC invocations=581 (full 41):
 PSYoungGen      total 232960K, used 16704K [0x00000000eab00000, 0x0000000100000000, 0x0000000100000000)
  eden space 116736K, 0% used [0x00000000eab00000,0x00000000eab00000,0x00000000f1d00000)
  from space 116224K, 14% used [0x00000000f8e80000,0x00000000f9ed0000,0x0000000100000000)
  to   space 116224K, 0% used [0x00000000f1d00000,0x00000000f1d00000,0x00000000f8e80000)
 ParOldGen       total 690688K, used 404399K [0x00000000c0000000, 0x00000000ea280000, 0x00000000eab00000)
  object space 690688K, 58% used [0x00000000c0000000,0x00000000d8aebfc0,0x00000000ea280000)
 Metaspace       used 106591K, capacity 114158K, committed 137492K, reserved 1169408K
  class space    used 12897K, capacity 13868K, committed 16916K, reserved 1048576K
}
Event: 8986.072 GC heap before
{Heap before GC invocations=582 (full 41):
 PSYoungGen      total 232960K, used 132981K [0x00000000eab00000, 0x0000000100000000, 0x0000000100000000)
  eden space 116736K, 99% used [0x00000000eab00000,0x00000000f1c8d798,0x00000000f1d00000)
  from space 116224K, 14% used [0x00000000f8e80000,0x00000000f9ed0000,0x0000000100000000)
  to   space 116224K, 0% used [0x00000000f1d00000,0x00000000f1d00000,0x00000000f8e80000)
 ParOldGen       total 690688K, used 404399K [0x00000000c0000000, 0x00000000ea280000, 0x00000000eab00000)
  object space 690688K, 58% used [0x00000000c0000000,0x00000000d8aebfc0,0x00000000ea280000)
 Metaspace       used 106610K, capacity 114206K, committed 137492K, reserved 1169408K
  class space    used 12903K, capacity 13903K, committed 16916K, reserved 1048576K
Event: 8986.082 GC heap after
Heap after GC invocations=582 (full 41):
 PSYoungGen      total 232960K, used 10289K [0x00000000eab00000, 0x0000000100000000, 0x0000000100000000)
  eden space 116736K, 0% used [0x00000000eab00000,0x00000000eab00000,0x00000000f1d00000)
  from space 116224K, 8% used [0x00000000f1d00000,0x00000000f270c4c0,0x00000000f8e80000)
  to   space 116224K, 0% used [0x00000000f8e80000,0x00000000f8e80000,0x0000000100000000)
 ParOldGen       total 690688K, used 404627K [0x00000000c0000000, 0x00000000ea280000, 0x00000000eab00000)
  object space 690688K, 58% used [0x00000000c0000000,0x00000000d8b24fd0,0x00000000ea280000)
 Metaspace       used 106610K, capacity 114206K, committed 137492K, reserved 1169408K
  class space    used 12903K, capacity 13903K, committed 16916K, reserved 1048576K
}
Event: 9017.998 GC heap before
{Heap before GC invocations=583 (full 41):
 PSYoungGen      total 232960K, used 127025K [0x00000000eab00000, 0x0000000100000000, 0x0000000100000000)
  eden space 116736K, 100% used [0x00000000eab00000,0x00000000f1d00000,0x00000000f1d00000)
  from space 116224K, 8% used [0x00000000f1d00000,0x00000000f270c4c0,0x00000000f8e80000)
  to   space 116224K, 0% used [0x00000000f8e80000,0x00000000f8e80000,0x0000000100000000)
 ParOldGen       total 690688K, used 404627K [0x00000000c0000000, 0x00000000ea280000, 0x00000000eab00000)
  object space 690688K, 58% used [0x00000000c0000000,0x00000000d8b24fd0,0x00000000ea280000)
 Metaspace       used 106714K, capacity 114356K, committed 137492K, reserved 1169408K
  class space    used 12917K, capacity 13950K, committed 16916K, reserved 1048576K
Event: 9018.212 GC heap after
Heap after GC invocations=583 (full 41):
 PSYoungGen      total 232960K, used 4183K [0x00000000eab00000, 0x0000000100000000, 0x0000000100000000)
  eden space 116736K, 0% used [0x00000000eab00000,0x00000000eab00000,0x00000000f1d00000)
  from space 116224K, 3% used [0x00000000f8e80000,0x00000000f9295ed8,0x0000000100000000)
  to   space 116224K, 0% used [0x00000000f1d00000,0x00000000f1d00000,0x00000000f8e80000)
 ParOldGen       total 690688K, used 410907K [0x00000000c0000000, 0x00000000ea280000, 0x00000000eab00000)
  object space 690688K, 59% used [0x00000000c0000000,0x00000000d9146ff0,0x00000000ea280000)
 Metaspace       used 106714K, capacity 114356K, committed 137492K, reserved 1169408K
  class space    used 12917K, capacity 13950K, committed 16916K, reserved 1048576K
}

