# JRE version: Java(TM) SE Runtime Environment (8.0_101-b13) (build 1.8.0_101-b13)
# Java VM: Java HotSpot(TM) 64-Bit Server VM (25.101-b13 mixed mode windows-amd64 compressed oops)
Heap:
 PSYoungGen      total 309760K, used 74513K [0x00000000eab00000, 0x00000000ffb00000, 0x0000000100000000)
  eden space 273920K, 27% used [0x00000000eab00000,0x00000000ef3a45f0,0x00000000fb680000)
  from space 35840K, 0% used [0x00000000fd800000,0x00000000fd820000,0x00000000ffb00000)
  to   space 34304K, 0% used [0x00000000fb680000,0x00000000fb680000,0x00000000fd800000)
 ParOldGen       total 699392K, used 577702K [0x00000000c0000000, 0x00000000eab00000, 0x00000000eab00000)
  object space 699392K, 82% used [0x00000000c0000000,0x00000000e34298d8,0x00000000eab00000)
 Metaspace       used 111887K, capacity 119510K, committed 126296K, reserved 1159168K
  class space    used 13237K, capacity 14349K, committed 17536K, reserved 1048576K
GC Heap History (10 events):
Event: 13504.735 GC heap before
{Heap before GC invocations=247 (full 13):
 PSYoungGen      total 302592K, used 257896K [0x00000000eab00000, 0x00000000ffc00000, 0x0000000100000000)
  eden space 258560K, 99% used [0x00000000eab00000,0x00000000fa6c20c0,0x00000000fa780000)
  from space 44032K, 0% used [0x00000000fa780000,0x00000000fa798000,0x00000000fd280000)
  to   space 42496K, 0% used [0x00000000fd280000,0x00000000fd280000,0x00000000ffc00000)
 ParOldGen       total 699392K, used 577518K [0x00000000c0000000, 0x00000000eab00000, 0x00000000eab00000)
  object space 699392K, 82% used [0x00000000c0000000,0x00000000e33fb8d8,0x00000000eab00000)
 Metaspace       used 111882K, capacity 119510K, committed 126296K, reserved 1159168K
  class space    used 13237K, capacity 14349K, committed 17536K, reserved 1048576K
Event: 13504.747 GC heap after
Heap after GC invocations=247 (full 13):
 PSYoungGen      total 303616K, used 32K [0x00000000eab00000, 0x00000000ffb80000, 0x0000000100000000)
  eden space 261632K, 0% used [0x00000000eab00000,0x00000000eab00000,0x00000000faa80000)
  from space 41984K, 0% used [0x00000000fd280000,0x00000000fd288000,0x00000000ffb80000)
  to   space 40960K, 0% used [0x00000000faa80000,0x00000000faa80000,0x00000000fd280000)
 ParOldGen       total 699392K, used 577542K [0x00000000c0000000, 0x00000000eab00000, 0x00000000eab00000)
  object space 699392K, 82% used [0x00000000c0000000,0x00000000e34018d8,0x00000000eab00000)
 Metaspace       used 111882K, capacity 119510K, committed 126296K, reserved 1159168K
  class space    used 13237K, capacity 14349K, committed 17536K, reserved 1048576K
}
Event: 13504.780 GC heap before
{Heap before GC invocations=248 (full 13):
 PSYoungGen      total 303616K, used 261065K [0x00000000eab00000, 0x00000000ffb80000, 0x0000000100000000)
  eden space 261632K, 99% used [0x00000000eab00000,0x00000000fa9ea7b0,0x00000000faa80000)
  from space 41984K, 0% used [0x00000000fd280000,0x00000000fd288000,0x00000000ffb80000)
  to   space 40960K, 0% used [0x00000000faa80000,0x00000000faa80000,0x00000000fd280000)
 ParOldGen       total 699392K, used 577542K [0x00000000c0000000, 0x00000000eab00000, 0x00000000eab00000)
  object space 699392K, 82% used [0x00000000c0000000,0x00000000e34018d8,0x00000000eab00000)
 Metaspace       used 111882K, capacity 119510K, committed 126296K, reserved 1159168K
  class space    used 13237K, capacity 14349K, committed 17536K, reserved 1048576K
Event: 13504.800 GC heap after
Heap after GC invocations=248 (full 13):
 PSYoungGen      total 302592K, used 128K [0x00000000eab00000, 0x00000000ffc00000, 0x0000000100000000)
  eden space 261632K, 0% used [0x00000000eab00000,0x00000000eab00000,0x00000000faa80000)
  from space 40960K, 0% used [0x00000000faa80000,0x00000000faaa0000,0x00000000fd280000)
  to   space 39424K, 0% used [0x00000000fd580000,0x00000000fd580000,0x00000000ffc00000)
 ParOldGen       total 699392K, used 577582K [0x00000000c0000000, 0x00000000eab00000, 0x00000000eab00000)
  object space 699392K, 82% used [0x00000000c0000000,0x00000000e340b8d8,0x00000000eab00000)
 Metaspace       used 111882K, capacity 119510K, committed 126296K, reserved 1159168K
  class space    used 13237K, capacity 14349K, committed 17536K, reserved 1048576K
}
Event: 13504.830 GC heap before
{Heap before GC invocations=249 (full 13):
 PSYoungGen      total 302592K, used 261230K [0x00000000eab00000, 0x00000000ffc00000, 0x0000000100000000)
  eden space 261632K, 99% used [0x00000000eab00000,0x00000000fa9fb9a0,0x00000000faa80000)
  from space 40960K, 0% used [0x00000000faa80000,0x00000000faaa0000,0x00000000fd280000)
  to   space 39424K, 0% used [0x00000000fd580000,0x00000000fd580000,0x00000000ffc00000)
 ParOldGen       total 699392K, used 577582K [0x00000000c0000000, 0x00000000eab00000, 0x00000000eab00000)
  object space 699392K, 82% used [0x00000000c0000000,0x00000000e340b8d8,0x00000000eab00000)
 Metaspace       used 111882K, capacity 119510K, committed 126296K, reserved 1159168K
  class space    used 13237K, capacity 14349K, committed 17536K, reserved 1048576K
Event: 13504.834 GC heap after
Heap after GC invocations=249 (full 13):
 PSYoungGen      total 306688K, used 96K [0x00000000eab00000, 0x00000000ffb80000, 0x0000000100000000)
  eden space 267776K, 0% used [0x00000000eab00000,0x00000000eab00000,0x00000000fb080000)
  from space 38912K, 0% used [0x00000000fd580000,0x00000000fd598000,0x00000000ffb80000)
  to   space 37888K, 0% used [0x00000000fb080000,0x00000000fb080000,0x00000000fd580000)
 ParOldGen       total 699392K, used 577622K [0x00000000c0000000, 0x00000000eab00000, 0x00000000eab00000)
  object space 699392K, 82% used [0x00000000c0000000,0x00000000e34158d8,0x00000000eab00000)
 Metaspace       used 111882K, capacity 119510K, committed 126296K, reserved 1159168K
  class space    used 13237K, capacity 14349K, committed 17536K, reserved 1048576K
}
Event: 13504.866 GC heap before
{Heap before GC invocations=250 (full 13):
 PSYoungGen      total 306688K, used 266892K [0x00000000eab00000, 0x00000000ffb80000, 0x0000000100000000)
  eden space 267776K, 99% used [0x00000000eab00000,0x00000000faf8b330,0x00000000fb080000)
  from space 38912K, 0% used [0x00000000fd580000,0x00000000fd598000,0x00000000ffb80000)
  to   space 37888K, 0% used [0x00000000fb080000,0x00000000fb080000,0x00000000fd580000)
 ParOldGen       total 699392K, used 577622K [0x00000000c0000000, 0x00000000eab00000, 0x00000000eab00000)
  object space 699392K, 82% used [0x00000000c0000000,0x00000000e34158d8,0x00000000eab00000)
 Metaspace       used 111882K, capacity 119510K, committed 126296K, reserved 1159168K
  class space    used 13237K, capacity 14349K, committed 17536K, reserved 1048576K
Event: 13504.872 GC heap after
Heap after GC invocations=250 (full 13):
 PSYoungGen      total 305664K, used 96K [0x00000000eab00000, 0x00000000ffb00000, 0x0000000100000000)
  eden space 267776K, 0% used [0x00000000eab00000,0x00000000eab00000,0x00000000fb080000)
  from space 37888K, 0% used [0x00000000fb080000,0x00000000fb098000,0x00000000fd580000)
  to   space 35840K, 0% used [0x00000000fd800000,0x00000000fd800000,0x00000000ffb00000)
 ParOldGen       total 699392K, used 577662K [0x00000000c0000000, 0x00000000eab00000, 0x00000000eab00000)
  object space 699392K, 82% used [0x00000000c0000000,0x00000000e341f8d8,0x00000000eab00000)
 Metaspace       used 111882K, capacity 119510K, committed 126296K, reserved 1159168K
  class space    used 13237K, capacity 14349K, committed 17536K, reserved 1048576K
}
Event: 13504.910 GC heap before
{Heap before GC invocations=251 (full 13):
 PSYoungGen      total 305664K, used 267834K [0x00000000eab00000, 0x00000000ffb00000, 0x0000000100000000)
  eden space 267776K, 99% used [0x00000000eab00000,0x00000000fb076a08,0x00000000fb080000)
  from space 37888K, 0% used [0x00000000fb080000,0x00000000fb098000,0x00000000fd580000)
  to   space 35840K, 0% used [0x00000000fd800000,0x00000000fd800000,0x00000000ffb00000)
 ParOldGen       total 699392K, used 577662K [0x00000000c0000000, 0x00000000eab00000, 0x00000000eab00000)
  object space 699392K, 82% used [0x00000000c0000000,0x00000000e341f8d8,0x00000000eab00000)
 Metaspace       used 111882K, capacity 119510K, committed 126296K, reserved 1159168K
  class space    used 13237K, capacity 14349K, committed 17536K, reserved 1048576K
Event: 13504.915 GC heap after
Heap after GC invocations=251 (full 13):
 PSYoungGen      total 309760K, used 128K [0x00000000eab00000, 0x00000000ffb00000, 0x0000000100000000)
  eden space 273920K, 0% used [0x00000000eab00000,0x00000000eab00000,0x00000000fb680000)
  from space 35840K, 0% used [0x00000000fd800000,0x00000000fd820000,0x00000000ffb00000)
  to   space 34304K, 0% used [0x00000000fb680000,0x00000000fb680000,0x00000000fd800000)
 ParOldGen       total 699392K, used 577702K [0x00000000c0000000, 0x00000000eab00000, 0x00000000eab00000)
  object space 699392K, 82% used [0x00000000c0000000,0x00000000e34298d8,0x00000000eab00000)
 Metaspace       used 111882K, capacity 119510K, committed 126296K, reserved 1159168K
  class space    used 13237K, capacity 14349K, committed 17536K, reserved 1048576K
}

