# JRE version: Java(TM) SE Runtime Environment (8.0_101-b13) (build 1.8.0_101-b13)
# Java VM: Java HotSpot(TM) 64-Bit Server VM (25.101-b13 mixed mode windows-amd64 compressed oops)
Heap:
 PSYoungGen      total 269312K, used 249243K [0x00000000eab00000, 0x0000000100000000, 0x0000000100000000)
  eden space 198656K, 100% used [0x00000000eab00000,0x00000000f6d00000,0x00000000f6d00000)
  from space 70656K, 71% used [0x00000000fbb00000,0x00000000fec66f20,0x0000000100000000)
  to   space 75264K, 27% used [0x00000000f6d00000,0x00000000f8190000,0x00000000fb680000)
 ParOldGen       total 699392K, used 500910K [0x00000000c0000000, 0x00000000eab00000, 0x00000000eab00000)
  object space 699392K, 71% used [0x00000000c0000000,0x00000000de92ba90,0x00000000eab00000)
 Metaspace       used 130922K, capacity 140498K, committed 162648K, reserved 1191936K
  class space    used 15661K, capacity 16976K, committed 21120K, reserved 1048576K
GC Heap History (10 events):
Event: 6984.146 GC heap after
Heap after GC invocations=211 (full 20):
 PSYoungGen      total 274432K, used 0K [0x00000000eab00000, 0x0000000100000000, 0x0000000100000000)
  eden space 211968K, 0% used [0x00000000eab00000,0x00000000eab00000,0x00000000f7a00000)
  from space 62464K, 0% used [0x00000000fc300000,0x00000000fc300000,0x0000000100000000)
  to   space 68608K, 0% used [0x00000000f7a00000,0x00000000f7a00000,0x00000000fbd00000)
 ParOldGen       total 699392K, used 500902K [0x00000000c0000000, 0x00000000eab00000, 0x00000000eab00000)
  object space 699392K, 71% used [0x00000000c0000000,0x00000000de929a90,0x00000000eab00000)
 Metaspace       used 130117K, capacity 139726K, committed 162648K, reserved 1191936K
  class space    used 15532K, capacity 16846K, committed 21120K, reserved 1048576K
}
Event: 6984.474 GC heap before
{Heap before GC invocations=212 (full 20):
 PSYoungGen      total 274432K, used 211968K [0x00000000eab00000, 0x0000000100000000, 0x0000000100000000)
  eden space 211968K, 100% used [0x00000000eab00000,0x00000000f7a00000,0x00000000f7a00000)
  from space 62464K, 0% used [0x00000000fc300000,0x00000000fc300000,0x0000000100000000)
  to   space 68608K, 0% used [0x00000000f7a00000,0x00000000f7a00000,0x00000000fbd00000)
 ParOldGen       total 699392K, used 500902K [0x00000000c0000000, 0x00000000eab00000, 0x00000000eab00000)
  object space 699392K, 71% used [0x00000000c0000000,0x00000000de929a90,0x00000000eab00000)
 Metaspace       used 130132K, capacity 139726K, committed 162648K, reserved 1191936K
  class space    used 15532K, capacity 16846K, committed 21120K, reserved 1048576K
Event: 6984.509 GC heap after
Heap after GC invocations=212 (full 20):
 PSYoungGen      total 280576K, used 16288K [0x00000000eab00000, 0x0000000100000000, 0x0000000100000000)
  eden space 211968K, 0% used [0x00000000eab00000,0x00000000eab00000,0x00000000f7a00000)
  from space 68608K, 23% used [0x00000000f7a00000,0x00000000f89e8000,0x00000000fbd00000)
  to   space 65536K, 0% used [0x00000000fc000000,0x00000000fc000000,0x0000000100000000)
 ParOldGen       total 699392K, used 500902K [0x00000000c0000000, 0x00000000eab00000, 0x00000000eab00000)
  object space 699392K, 71% used [0x00000000c0000000,0x00000000de929a90,0x00000000eab00000)
 Metaspace       used 130132K, capacity 139726K, committed 162648K, reserved 1191936K
  class space    used 15532K, capacity 16846K, committed 21120K, reserved 1048576K
}
Event: 6984.819 GC heap before
{Heap before GC invocations=213 (full 20):
 PSYoungGen      total 280576K, used 228256K [0x00000000eab00000, 0x0000000100000000, 0x0000000100000000)
  eden space 211968K, 100% used [0x00000000eab00000,0x00000000f7a00000,0x00000000f7a00000)
  from space 68608K, 23% used [0x00000000f7a00000,0x00000000f89e8000,0x00000000fbd00000)
  to   space 65536K, 0% used [0x00000000fc000000,0x00000000fc000000,0x0000000100000000)
 ParOldGen       total 699392K, used 500902K [0x00000000c0000000, 0x00000000eab00000, 0x00000000eab00000)
  object space 699392K, 71% used [0x00000000c0000000,0x00000000de929a90,0x00000000eab00000)
 Metaspace       used 130132K, capacity 139726K, committed 162648K, reserved 1191936K
  class space    used 15532K, capacity 16846K, committed 21120K, reserved 1048576K
Event: 6984.872 GC heap after
Heap after GC invocations=213 (full 20):
 PSYoungGen      total 275456K, used 32128K [0x00000000eab00000, 0x00000000ffb00000, 0x0000000100000000)
  eden space 215040K, 0% used [0x00000000eab00000,0x00000000eab00000,0x00000000f7d00000)
  from space 60416K, 53% used [0x00000000fc000000,0x00000000fdf60000,0x00000000ffb00000)
  to   space 64512K, 0% used [0x00000000f7d00000,0x00000000f7d00000,0x00000000fbc00000)
 ParOldGen       total 699392K, used 500902K [0x00000000c0000000, 0x00000000eab00000, 0x00000000eab00000)
  object space 699392K, 71% used [0x00000000c0000000,0x00000000de929a90,0x00000000eab00000)
 Metaspace       used 130132K, capacity 139726K, committed 162648K, reserved 1191936K
  class space    used 15532K, capacity 16846K, committed 21120K, reserved 1048576K
}
Event: 6985.507 GC heap before
{Heap before GC invocations=214 (full 20):
 PSYoungGen      total 275456K, used 247168K [0x00000000eab00000, 0x00000000ffb00000, 0x0000000100000000)
  eden space 215040K, 100% used [0x00000000eab00000,0x00000000f7d00000,0x00000000f7d00000)
  from space 60416K, 53% used [0x00000000fc000000,0x00000000fdf60000,0x00000000ffb00000)
  to   space 64512K, 0% used [0x00000000f7d00000,0x00000000f7d00000,0x00000000fbc00000)
 ParOldGen       total 699392K, used 500902K [0x00000000c0000000, 0x00000000eab00000, 0x00000000eab00000)
  object space 699392K, 71% used [0x00000000c0000000,0x00000000de929a90,0x00000000eab00000)
 Metaspace       used 130274K, capacity 139886K, committed 162648K, reserved 1191936K
  class space    used 15546K, capacity 16878K, committed 21120K, reserved 1048576K
Event: 6985.715 GC heap after
Heap after GC invocations=214 (full 20):
 PSYoungGen      total 265728K, used 50400K [0x00000000eab00000, 0x0000000100000000, 0x0000000100000000)
  eden space 215040K, 0% used [0x00000000eab00000,0x00000000eab00000,0x00000000f7d00000)
  from space 50688K, 99% used [0x00000000f7d00000,0x00000000fae38000,0x00000000fae80000)
  to   space 70656K, 0% used [0x00000000fbb00000,0x00000000fbb00000,0x0000000100000000)
 ParOldGen       total 699392K, used 500902K [0x00000000c0000000, 0x00000000eab00000, 0x00000000eab00000)
  object space 699392K, 71% used [0x00000000c0000000,0x00000000de929a90,0x00000000eab00000)
 Metaspace       used 130274K, capacity 139886K, committed 162648K, reserved 1191936K
  class space    used 15546K, capacity 16878K, committed 21120K, reserved 1048576K
}
Event: 6986.706 GC heap before
{Heap before GC invocations=215 (full 20):
 PSYoungGen      total 265728K, used 265440K [0x00000000eab00000, 0x0000000100000000, 0x0000000100000000)
  eden space 215040K, 100% used [0x00000000eab00000,0x00000000f7d00000,0x00000000f7d00000)
  from space 50688K, 99% used [0x00000000f7d00000,0x00000000fae38000,0x00000000fae80000)
  to   space 70656K, 0% used [0x00000000fbb00000,0x00000000fbb00000,0x0000000100000000)
 ParOldGen       total 699392K, used 500902K [0x00000000c0000000, 0x00000000eab00000, 0x00000000eab00000)
  object space 699392K, 71% used [0x00000000c0000000,0x00000000de929a90,0x00000000eab00000)
 Metaspace       used 130313K, capacity 139950K, committed 162648K, reserved 1191936K
  class space    used 15551K, capacity 16878K, committed 21120K, reserved 1048576K
Event: 6986.747 GC heap after
Heap after GC invocations=215 (full 20):
 PSYoungGen      total 269312K, used 50587K [0x00000000eab00000, 0x0000000100000000, 0x0000000100000000)
  eden space 198656K, 0% used [0x00000000eab00000,0x00000000eab00000,0x00000000f6d00000)
  from space 70656K, 71% used [0x00000000fbb00000,0x00000000fec66f20,0x0000000100000000)
  to   space 75264K, 0% used [0x00000000f6d00000,0x00000000f6d00000,0x00000000fb680000)
 ParOldGen       total 699392K, used 500910K [0x00000000c0000000, 0x00000000eab00000, 0x00000000eab00000)
  object space 699392K, 71% used [0x00000000c0000000,0x00000000de92ba90,0x00000000eab00000)
 Metaspace       used 130313K, capacity 139950K, committed 162648K, reserved 1191936K
  class space    used 15551K, capacity 16878K, committed 21120K, reserved 1048576K
}
Event: 7042.368 GC heap before
{Heap before GC invocations=216 (full 20):
 PSYoungGen      total 269312K, used 249243K [0x00000000eab00000, 0x0000000100000000, 0x0000000100000000)
  eden space 198656K, 100% used [0x00000000eab00000,0x00000000f6d00000,0x00000000f6d00000)
  from space 70656K, 71% used [0x00000000fbb00000,0x00000000fec66f20,0x0000000100000000)
  to   space 75264K, 0% used [0x00000000f6d00000,0x00000000f6d00000,0x00000000fb680000)
 ParOldGen       total 699392K, used 500910K [0x00000000c0000000, 0x00000000eab00000, 0x00000000eab00000)
  object space 699392K, 71% used [0x00000000c0000000,0x00000000de92ba90,0x00000000eab00000)
 Metaspace       used 130922K, capacity 140498K, committed 162648K, reserved 1191936K
  class space    used 15661K, capacity 16976K, committed 21120K, reserved 1048576K

