# JRE version: Java(TM) SE Runtime Environment (8.0_101-b13) (build 1.8.0_101-b13)
# Java VM: Java HotSpot(TM) 64-Bit Server VM (25.101-b13 mixed mode windows-amd64 compressed oops)
Heap:
 PSYoungGen      total 250368K, used 39393K [0x00000000eab00000, 0x0000000100000000, 0x0000000100000000)
  eden space 210944K, 0% used [0x00000000eab00000,0x00000000eab00000,0x00000000f7900000)
  from space 39424K, 99% used [0x00000000fd980000,0x00000000ffff8490,0x0000000100000000)
  to   space 69120K, 0% used [0x00000000f7900000,0x00000000f7900000,0x00000000fbc80000)
 ParOldGen       total 553472K, used 553384K [0x00000000c0000000, 0x00000000e1c80000, 0x00000000eab00000)
  object space 553472K, 99% used [0x00000000c0000000,0x00000000e1c6a2f0,0x00000000e1c80000)
 Metaspace       used 142377K, capacity 153440K, committed 154072K, reserved 1183744K
  class space    used 17700K, capacity 19400K, committed 19456K, reserved 1048576K
GC Heap History (10 events):
Event: 11699.254 GC heap after
Heap after GC invocations=125 (full 7):
 PSYoungGen      total 305664K, used 128K [0x00000000eab00000, 0x00000000ffb80000, 0x0000000100000000)
  eden space 269824K, 0% used [0x00000000eab00000,0x00000000eab00000,0x00000000fb280000)
  from space 35840K, 0% used [0x00000000fd880000,0x00000000fd8a0000,0x00000000ffb80000)
  to   space 37376K, 0% used [0x00000000fb280000,0x00000000fb280000,0x00000000fd700000)
 ParOldGen       total 535040K, used 499212K [0x00000000c0000000, 0x00000000e0a80000, 0x00000000eab00000)
  object space 535040K, 93% used [0x00000000c0000000,0x00000000de783260,0x00000000e0a80000)
 Metaspace       used 139606K, capacity 150356K, committed 151128K, reserved 1181696K
  class space    used 17346K, capacity 18992K, committed 19072K, reserved 1048576K
}
Event: 11699.316 GC heap before
{Heap before GC invocations=126 (full 7):
 PSYoungGen      total 305664K, used 268957K [0x00000000eab00000, 0x00000000ffb80000, 0x0000000100000000)
  eden space 269824K, 99% used [0x00000000eab00000,0x00000000fb1874b0,0x00000000fb280000)
  from space 35840K, 0% used [0x00000000fd880000,0x00000000fd8a0000,0x00000000ffb80000)
  to   space 37376K, 0% used [0x00000000fb280000,0x00000000fb280000,0x00000000fd700000)
 ParOldGen       total 535040K, used 499212K [0x00000000c0000000, 0x00000000e0a80000, 0x00000000eab00000)
  object space 535040K, 93% used [0x00000000c0000000,0x00000000de783260,0x00000000e0a80000)
 Metaspace       used 139606K, capacity 150356K, committed 151128K, reserved 1181696K
  class space    used 17346K, capacity 18992K, committed 19072K, reserved 1048576K
Event: 11699.320 GC heap after
Heap after GC invocations=126 (full 7):
 PSYoungGen      total 307200K, used 128K [0x00000000eab00000, 0x00000000ffe80000, 0x0000000100000000)
  eden space 269824K, 0% used [0x00000000eab00000,0x00000000eab00000,0x00000000fb280000)
  from space 37376K, 0% used [0x00000000fb280000,0x00000000fb2a0000,0x00000000fd700000)
  to   space 35840K, 0% used [0x00000000fdb80000,0x00000000fdb80000,0x00000000ffe80000)
 ParOldGen       total 535040K, used 499252K [0x00000000c0000000, 0x00000000e0a80000, 0x00000000eab00000)
  object space 535040K, 93% used [0x00000000c0000000,0x00000000de78d260,0x00000000e0a80000)
 Metaspace       used 139606K, capacity 150356K, committed 151128K, reserved 1181696K
  class space    used 17346K, capacity 18992K, committed 19072K, reserved 1048576K
}
Event: 12619.612 GC heap before
{Heap before GC invocations=127 (full 7):
 PSYoungGen      total 307200K, used 269952K [0x00000000eab00000, 0x00000000ffe80000, 0x0000000100000000)
  eden space 269824K, 100% used [0x00000000eab00000,0x00000000fb280000,0x00000000fb280000)
  from space 37376K, 0% used [0x00000000fb280000,0x00000000fb2a0000,0x00000000fd700000)
  to   space 35840K, 0% used [0x00000000fdb80000,0x00000000fdb80000,0x00000000ffe80000)
 ParOldGen       total 535040K, used 499252K [0x00000000c0000000, 0x00000000e0a80000, 0x00000000eab00000)
  object space 535040K, 93% used [0x00000000c0000000,0x00000000de78d260,0x00000000e0a80000)
 Metaspace       used 139765K, capacity 150592K, committed 151512K, reserved 1181696K
  class space    used 17367K, capacity 19028K, committed 19200K, reserved 1048576K
Event: 12619.617 GC heap after
Heap after GC invocations=127 (full 7):
 PSYoungGen      total 308736K, used 1218K [0x00000000eab00000, 0x00000000ffb80000, 0x0000000100000000)
  eden space 275968K, 0% used [0x00000000eab00000,0x00000000eab00000,0x00000000fb880000)
  from space 32768K, 3% used [0x00000000fdb80000,0x00000000fdcb0be0,0x00000000ffb80000)
  to   space 34304K, 0% used [0x00000000fb880000,0x00000000fb880000,0x00000000fda00000)
 ParOldGen       total 535040K, used 499284K [0x00000000c0000000, 0x00000000e0a80000, 0x00000000eab00000)
  object space 535040K, 93% used [0x00000000c0000000,0x00000000de795260,0x00000000e0a80000)
 Metaspace       used 139765K, capacity 150592K, committed 151512K, reserved 1181696K
  class space    used 17367K, capacity 19028K, committed 19200K, reserved 1048576K
}
Event: 12635.991 GC heap before
{Heap before GC invocations=128 (full 7):
 PSYoungGen      total 308736K, used 277186K [0x00000000eab00000, 0x00000000ffb80000, 0x0000000100000000)
  eden space 275968K, 100% used [0x00000000eab00000,0x00000000fb880000,0x00000000fb880000)
  from space 32768K, 3% used [0x00000000fdb80000,0x00000000fdcb0be0,0x00000000ffb80000)
  to   space 34304K, 0% used [0x00000000fb880000,0x00000000fb880000,0x00000000fda00000)
 ParOldGen       total 535040K, used 499284K [0x00000000c0000000, 0x00000000e0a80000, 0x00000000eab00000)
  object space 535040K, 93% used [0x00000000c0000000,0x00000000de795260,0x00000000e0a80000)
 Metaspace       used 139877K, capacity 150870K, committed 151512K, reserved 1181696K
  class space    used 17384K, capacity 19053K, committed 19200K, reserved 1048576K
Event: 12636.038 GC heap after
Heap after GC invocations=128 (full 7):
 PSYoungGen      total 309760K, used 33694K [0x00000000eab00000, 0x0000000100000000, 0x0000000100000000)
  eden space 275968K, 0% used [0x00000000eab00000,0x00000000eab00000,0x00000000fb880000)
  from space 33792K, 99% used [0x00000000fb880000,0x00000000fd967958,0x00000000fd980000)
  to   space 39424K, 0% used [0x00000000fd980000,0x00000000fd980000,0x0000000100000000)
 ParOldGen       total 535040K, used 500247K [0x00000000c0000000, 0x00000000e0a80000, 0x00000000eab00000)
  object space 535040K, 93% used [0x00000000c0000000,0x00000000de885f20,0x00000000e0a80000)
 Metaspace       used 139877K, capacity 150870K, committed 151512K, reserved 1181696K
  class space    used 17384K, capacity 19053K, committed 19200K, reserved 1048576K
}
Event: 12638.141 GC heap before
{Heap before GC invocations=129 (full 7):
 PSYoungGen      total 309760K, used 309662K [0x00000000eab00000, 0x0000000100000000, 0x0000000100000000)
  eden space 275968K, 100% used [0x00000000eab00000,0x00000000fb880000,0x00000000fb880000)
  from space 33792K, 99% used [0x00000000fb880000,0x00000000fd967958,0x00000000fd980000)
  to   space 39424K, 0% used [0x00000000fd980000,0x00000000fd980000,0x0000000100000000)
 ParOldGen       total 535040K, used 500247K [0x00000000c0000000, 0x00000000e0a80000, 0x00000000eab00000)
  object space 535040K, 93% used [0x00000000c0000000,0x00000000de885f20,0x00000000e0a80000)
 Metaspace       used 142377K, capacity 153440K, committed 154072K, reserved 1183744K
  class space    used 17700K, capacity 19400K, committed 19456K, reserved 1048576K
Event: 12638.229 GC heap after
Heap after GC invocations=129 (full 7):
 PSYoungGen      total 250368K, used 39393K [0x00000000eab00000, 0x0000000100000000, 0x0000000100000000)
  eden space 210944K, 0% used [0x00000000eab00000,0x00000000eab00000,0x00000000f7900000)
  from space 39424K, 99% used [0x00000000fd980000,0x00000000ffff8490,0x0000000100000000)
  to   space 69120K, 0% used [0x00000000f7900000,0x00000000f7900000,0x00000000fbc80000)
 ParOldGen       total 553472K, used 553384K [0x00000000c0000000, 0x00000000e1c80000, 0x00000000eab00000)
  object space 553472K, 99% used [0x00000000c0000000,0x00000000e1c6a2f0,0x00000000e1c80000)
 Metaspace       used 142377K, capacity 153440K, committed 154072K, reserved 1183744K
  class space    used 17700K, capacity 19400K, committed 19456K, reserved 1048576K
}
Event: 12638.229 GC heap before
{Heap before GC invocations=130 (full 8):
 PSYoungGen      total 250368K, used 39393K [0x00000000eab00000, 0x0000000100000000, 0x0000000100000000)
  eden space 210944K, 0% used [0x00000000eab00000,0x00000000eab00000,0x00000000f7900000)
  from space 39424K, 99% used [0x00000000fd980000,0x00000000ffff8490,0x0000000100000000)
  to   space 69120K, 0% used [0x00000000f7900000,0x00000000f7900000,0x00000000fbc80000)
 ParOldGen       total 553472K, used 553384K [0x00000000c0000000, 0x00000000e1c80000, 0x00000000eab00000)
  object space 553472K, 99% used [0x00000000c0000000,0x00000000e1c6a2f0,0x00000000e1c80000)
 Metaspace       used 142377K, capacity 153440K, committed 154072K, reserved 1183744K
  class space    used 17700K, capacity 19400K, committed 19456K, reserved 1048576K

