# JRE version: Java(TM) SE Runtime Environment (8.0_101-b13) (build 1.8.0_101-b13)
# Java VM: Java HotSpot(TM) 64-Bit Server VM (25.101-b13 mixed mode windows-amd64 compressed oops)
Heap:
 PSYoungGen      total 225280K, used 196043K [0x00000000eab00000, 0x0000000100000000, 0x0000000100000000)
  eden space 156672K, 81% used [0x00000000eab00000,0x00000000f27796c0,0x00000000f4400000)
  from space 68608K, 99% used [0x00000000fbd00000,0x00000000ffff9720,0x0000000100000000)
  to   space 96256K, 0% used [0x00000000f4400000,0x00000000f4400000,0x00000000fa200000)
 ParOldGen       total 699392K, used 630489K [0x00000000c0000000, 0x00000000eab00000, 0x00000000eab00000)
  object space 699392K, 90% used [0x00000000c0000000,0x00000000e67b6728,0x00000000eab00000)
 Metaspace       used 184788K, capacity 197174K, committed 198488K, reserved 1222656K
  class space    used 22209K, capacity 23940K, committed 24408K, reserved 1048576K
GC Heap History (10 events):
Event: 20478.015 GC heap before
{Heap before GC invocations=582 (full 33):
 PSYoungGen      total 261632K, used 207424K [0x00000000eab00000, 0x00000000ff900000, 0x0000000100000000)
  eden space 186880K, 100% used [0x00000000eab00000,0x00000000f6180000,0x00000000f6180000)
  from space 74752K, 27% used [0x00000000f6180000,0x00000000f7590040,0x00000000faa80000)
  to   space 70656K, 0% used [0x00000000fb400000,0x00000000fb400000,0x00000000ff900000)
 ParOldGen       total 699392K, used 577311K [0x00000000c0000000, 0x00000000eab00000, 0x00000000eab00000)
  object space 699392K, 82% used [0x00000000c0000000,0x00000000e33c7f48,0x00000000eab00000)
 Metaspace       used 176902K, capacity 188850K, committed 193624K, reserved 1218560K
  class space    used 21149K, capacity 22818K, committed 24408K, reserved 1048576K
Event: 20478.047 GC heap after
Heap after GC invocations=582 (full 33):
 PSYoungGen      total 269312K, used 22464K [0x00000000eab00000, 0x00000000ff400000, 0x0000000100000000)
  eden space 203776K, 0% used [0x00000000eab00000,0x00000000eab00000,0x00000000f7200000)
  from space 65536K, 34% used [0x00000000fb400000,0x00000000fc9f0000,0x00000000ff400000)
  to   space 66560K, 0% used [0x00000000f7200000,0x00000000f7200000,0x00000000fb300000)
 ParOldGen       total 699392K, used 585832K [0x00000000c0000000, 0x00000000eab00000, 0x00000000eab00000)
  object space 699392K, 83% used [0x00000000c0000000,0x00000000e3c1a018,0x00000000eab00000)
 Metaspace       used 176902K, capacity 188850K, committed 193624K, reserved 1218560K
  class space    used 21149K, capacity 22818K, committed 24408K, reserved 1048576K
}
Event: 20486.876 GC heap before
{Heap before GC invocations=583 (full 33):
 PSYoungGen      total 269312K, used 226240K [0x00000000eab00000, 0x00000000ff400000, 0x0000000100000000)
  eden space 203776K, 100% used [0x00000000eab00000,0x00000000f7200000,0x00000000f7200000)
  from space 65536K, 34% used [0x00000000fb400000,0x00000000fc9f0000,0x00000000ff400000)
  to   space 66560K, 0% used [0x00000000f7200000,0x00000000f7200000,0x00000000fb300000)
 ParOldGen       total 699392K, used 585832K [0x00000000c0000000, 0x00000000eab00000, 0x00000000eab00000)
  object space 699392K, 83% used [0x00000000c0000000,0x00000000e3c1a018,0x00000000eab00000)
 Metaspace       used 176911K, capacity 188862K, committed 193624K, reserved 1218560K
  class space    used 21150K, capacity 22820K, committed 24408K, reserved 1048576K
Event: 20486.899 GC heap after
Heap after GC invocations=583 (full 33):
 PSYoungGen      total 270336K, used 13133K [0x00000000eab00000, 0x00000000ffd00000, 0x0000000100000000)
  eden space 203776K, 0% used [0x00000000eab00000,0x00000000eab00000,0x00000000f7200000)
  from space 66560K, 19% used [0x00000000f7200000,0x00000000f7ed3600,0x00000000fb300000)
  to   space 64512K, 0% used [0x00000000fbe00000,0x00000000fbe00000,0x00000000ffd00000)
 ParOldGen       total 699392K, used 585832K [0x00000000c0000000, 0x00000000eab00000, 0x00000000eab00000)
  object space 699392K, 83% used [0x00000000c0000000,0x00000000e3c1a018,0x00000000eab00000)
 Metaspace       used 176911K, capacity 188862K, committed 193624K, reserved 1218560K
  class space    used 21150K, capacity 22820K, committed 24408K, reserved 1048576K
}
Event: 20818.970 GC heap before
{Heap before GC invocations=584 (full 33):
 PSYoungGen      total 270336K, used 216909K [0x00000000eab00000, 0x00000000ffd00000, 0x0000000100000000)
  eden space 203776K, 100% used [0x00000000eab00000,0x00000000f7200000,0x00000000f7200000)
  from space 66560K, 19% used [0x00000000f7200000,0x00000000f7ed3600,0x00000000fb300000)
  to   space 64512K, 0% used [0x00000000fbe00000,0x00000000fbe00000,0x00000000ffd00000)
 ParOldGen       total 699392K, used 585832K [0x00000000c0000000, 0x00000000eab00000, 0x00000000eab00000)
  object space 699392K, 83% used [0x00000000c0000000,0x00000000e3c1a018,0x00000000eab00000)
 Metaspace       used 177136K, capacity 189332K, committed 193624K, reserved 1218560K
  class space    used 21188K, capacity 22881K, committed 24408K, reserved 1048576K
Event: 20819.001 GC heap after
Heap after GC invocations=584 (full 33):
 PSYoungGen      total 275456K, used 23125K [0x00000000eab00000, 0x00000000ff680000, 0x0000000100000000)
  eden space 217600K, 0% used [0x00000000eab00000,0x00000000eab00000,0x00000000f7f80000)
  from space 57856K, 39% used [0x00000000fbe00000,0x00000000fd495698,0x00000000ff680000)
  to   space 60928K, 0% used [0x00000000f7f80000,0x00000000f7f80000,0x00000000fbb00000)
 ParOldGen       total 699392K, used 585832K [0x00000000c0000000, 0x00000000eab00000, 0x00000000eab00000)
  object space 699392K, 83% used [0x00000000c0000000,0x00000000e3c1a018,0x00000000eab00000)
 Metaspace       used 177136K, capacity 189332K, committed 193624K, reserved 1218560K
  class space    used 21188K, capacity 22881K, committed 24408K, reserved 1048576K
}
Event: 20839.687 GC heap before
{Heap before GC invocations=585 (full 33):
 PSYoungGen      total 275456K, used 240725K [0x00000000eab00000, 0x00000000ff680000, 0x0000000100000000)
  eden space 217600K, 100% used [0x00000000eab00000,0x00000000f7f80000,0x00000000f7f80000)
  from space 57856K, 39% used [0x00000000fbe00000,0x00000000fd495698,0x00000000ff680000)
  to   space 60928K, 0% used [0x00000000f7f80000,0x00000000f7f80000,0x00000000fbb00000)
 ParOldGen       total 699392K, used 585832K [0x00000000c0000000, 0x00000000eab00000, 0x00000000eab00000)
  object space 699392K, 83% used [0x00000000c0000000,0x00000000e3c1a018,0x00000000eab00000)
 Metaspace       used 177200K, capacity 189452K, committed 193624K, reserved 1218560K
  class space    used 21199K, capacity 22901K, committed 24408K, reserved 1048576K
Event: 20839.729 GC heap after
Heap after GC invocations=585 (full 33):
 PSYoungGen      total 278528K, used 54557K [0x00000000eab00000, 0x0000000100000000, 0x0000000100000000)
  eden space 217600K, 0% used [0x00000000eab00000,0x00000000eab00000,0x00000000f7f80000)
  from space 60928K, 89% used [0x00000000f7f80000,0x00000000fb4c74f8,0x00000000fbb00000)
  to   space 68608K, 0% used [0x00000000fbd00000,0x00000000fbd00000,0x0000000100000000)
 ParOldGen       total 699392K, used 585840K [0x00000000c0000000, 0x00000000eab00000, 0x00000000eab00000)
  object space 699392K, 83% used [0x00000000c0000000,0x00000000e3c1c018,0x00000000eab00000)
 Metaspace       used 177200K, capacity 189452K, committed 193624K, reserved 1218560K
  class space    used 21199K, capacity 22901K, committed 24408K, reserved 1048576K
}
Event: 20842.218 GC heap before
{Heap before GC invocations=586 (full 33):
 PSYoungGen      total 278528K, used 272157K [0x00000000eab00000, 0x0000000100000000, 0x0000000100000000)
  eden space 217600K, 100% used [0x00000000eab00000,0x00000000f7f80000,0x00000000f7f80000)
  from space 60928K, 89% used [0x00000000f7f80000,0x00000000fb4c74f8,0x00000000fbb00000)
  to   space 68608K, 0% used [0x00000000fbd00000,0x00000000fbd00000,0x0000000100000000)
 ParOldGen       total 699392K, used 585840K [0x00000000c0000000, 0x00000000eab00000, 0x00000000eab00000)
  object space 699392K, 83% used [0x00000000c0000000,0x00000000e3c1c018,0x00000000eab00000)
 Metaspace       used 179049K, capacity 191336K, committed 193624K, reserved 1218560K
  class space    used 21437K, capacity 23169K, committed 24408K, reserved 1048576K
Event: 20842.314 GC heap after
Heap after GC invocations=586 (full 33):
 PSYoungGen      total 225280K, used 68581K [0x00000000eab00000, 0x0000000100000000, 0x0000000100000000)
  eden space 156672K, 0% used [0x00000000eab00000,0x00000000eab00000,0x00000000f4400000)
  from space 68608K, 99% used [0x00000000fbd00000,0x00000000ffff9720,0x0000000100000000)
  to   space 96256K, 0% used [0x00000000f4400000,0x00000000f4400000,0x00000000fa200000)
 ParOldGen       total 699392K, used 630489K [0x00000000c0000000, 0x00000000eab00000, 0x00000000eab00000)
  object space 699392K, 90% used [0x00000000c0000000,0x00000000e67b6728,0x00000000eab00000)
 Metaspace       used 179049K, capacity 191336K, committed 193624K, reserved 1218560K
  class space    used 21437K, capacity 23169K, committed 24408K, reserved 1048576K
}

