# JRE version: Java(TM) SE Runtime Environment (8.0_101-b13) (build 1.8.0_101-b13)
# Java VM: Java HotSpot(TM) 64-Bit Server VM (25.101-b13 mixed mode windows-amd64 compressed oops)
Heap:
 PSYoungGen      total 232960K, used 116736K [0x00000000eab00000, 0x0000000100000000, 0x0000000100000000)
  eden space 116736K, 100% used [0x00000000eab00000,0x00000000f1d00000,0x00000000f1d00000)
  from space 116224K, 0% used [0x00000000f8e80000,0x00000000f8e80000,0x0000000100000000)
  to   space 116224K, 0% used [0x00000000f1d00000,0x00000000f1d00000,0x00000000f8e80000)
 ParOldGen       total 699392K, used 699308K [0x00000000c0000000, 0x00000000eab00000, 0x00000000eab00000)
  object space 699392K, 99% used [0x00000000c0000000,0x00000000eaaeb320,0x00000000eab00000)
 Metaspace       used 124661K, capacity 130678K, committed 131072K, reserved 1165312K
  class space    used 14938K, capacity 16015K, committed 16128K, reserved 1048576K
GC Heap History (10 events):
Event: 381.063 GC heap after
Heap after GC invocations=121 (full 39):
 PSYoungGen      total 232960K, used 2869K [0x00000000eab00000, 0x0000000100000000, 0x0000000100000000)
  eden space 116736K, 2% used [0x00000000eab00000,0x00000000eadcd4b8,0x00000000f1d00000)
  from space 116224K, 0% used [0x00000000f8e80000,0x00000000f8e80000,0x0000000100000000)
  to   space 116224K, 0% used [0x00000000f1d00000,0x00000000f1d00000,0x00000000f8e80000)
 ParOldGen       total 699392K, used 699326K [0x00000000c0000000, 0x00000000eab00000, 0x00000000eab00000)
  object space 699392K, 99% used [0x00000000c0000000,0x00000000eaaef9a8,0x00000000eab00000)
 Metaspace       used 124541K, capacity 130510K, committed 130816K, reserved 1163264K
  class space    used 14924K, capacity 16007K, committed 16128K, reserved 1048576K
}
Event: 382.229 GC heap before
{Heap before GC invocations=122 (full 40):
 PSYoungGen      total 232960K, used 116736K [0x00000000eab00000, 0x0000000100000000, 0x0000000100000000)
  eden space 116736K, 100% used [0x00000000eab00000,0x00000000f1d00000,0x00000000f1d00000)
  from space 116224K, 0% used [0x00000000f8e80000,0x00000000f8e80000,0x0000000100000000)
  to   space 116224K, 0% used [0x00000000f1d00000,0x00000000f1d00000,0x00000000f8e80000)
 ParOldGen       total 699392K, used 699326K [0x00000000c0000000, 0x00000000eab00000, 0x00000000eab00000)
  object space 699392K, 99% used [0x00000000c0000000,0x00000000eaaef9a8,0x00000000eab00000)
 Metaspace       used 124541K, capacity 130510K, committed 130816K, reserved 1163264K
  class space    used 14924K, capacity 16007K, committed 16128K, reserved 1048576K
Event: 382.876 GC heap after
Heap after GC invocations=122 (full 40):
 PSYoungGen      total 232960K, used 2745K [0x00000000eab00000, 0x0000000100000000, 0x0000000100000000)
  eden space 116736K, 2% used [0x00000000eab00000,0x00000000eadae4b0,0x00000000f1d00000)
  from space 116224K, 0% used [0x00000000f8e80000,0x00000000f8e80000,0x0000000100000000)
  to   space 116224K, 0% used [0x00000000f1d00000,0x00000000f1d00000,0x00000000f8e80000)
 ParOldGen       total 699392K, used 699385K [0x00000000c0000000, 0x00000000eab00000, 0x00000000eab00000)
  object space 699392K, 99% used [0x00000000c0000000,0x00000000eaafe678,0x00000000eab00000)
 Metaspace       used 124541K, capacity 130510K, committed 130816K, reserved 1163264K
  class space    used 14924K, capacity 16007K, committed 16128K, reserved 1048576K
}
Event: 383.711 GC heap before
{Heap before GC invocations=123 (full 41):
 PSYoungGen      total 232960K, used 116736K [0x00000000eab00000, 0x0000000100000000, 0x0000000100000000)
  eden space 116736K, 100% used [0x00000000eab00000,0x00000000f1d00000,0x00000000f1d00000)
  from space 116224K, 0% used [0x00000000f8e80000,0x00000000f8e80000,0x0000000100000000)
  to   space 116224K, 0% used [0x00000000f1d00000,0x00000000f1d00000,0x00000000f8e80000)
 ParOldGen       total 699392K, used 699385K [0x00000000c0000000, 0x00000000eab00000, 0x00000000eab00000)
  object space 699392K, 99% used [0x00000000c0000000,0x00000000eaafe678,0x00000000eab00000)
 Metaspace       used 124543K, capacity 130574K, committed 130816K, reserved 1163264K
  class space    used 14924K, capacity 16007K, committed 16128K, reserved 1048576K
Event: 384.422 GC heap after
Heap after GC invocations=123 (full 41):
 PSYoungGen      total 232960K, used 4123K [0x00000000eab00000, 0x0000000100000000, 0x0000000100000000)
  eden space 116736K, 3% used [0x00000000eab00000,0x00000000eaf06ca8,0x00000000f1d00000)
  from space 116224K, 0% used [0x00000000f8e80000,0x00000000f8e80000,0x0000000100000000)
  to   space 116224K, 0% used [0x00000000f1d00000,0x00000000f1d00000,0x00000000f8e80000)
 ParOldGen       total 699392K, used 699379K [0x00000000c0000000, 0x00000000eab00000, 0x00000000eab00000)
  object space 699392K, 99% used [0x00000000c0000000,0x00000000eaafce90,0x00000000eab00000)
 Metaspace       used 124543K, capacity 130574K, committed 130816K, reserved 1163264K
  class space    used 14924K, capacity 16007K, committed 16128K, reserved 1048576K
}
Event: 385.502 GC heap before
{Heap before GC invocations=124 (full 42):
 PSYoungGen      total 232960K, used 116736K [0x00000000eab00000, 0x0000000100000000, 0x0000000100000000)
  eden space 116736K, 100% used [0x00000000eab00000,0x00000000f1d00000,0x00000000f1d00000)
  from space 116224K, 0% used [0x00000000f8e80000,0x00000000f8e80000,0x0000000100000000)
  to   space 116224K, 0% used [0x00000000f1d00000,0x00000000f1d00000,0x00000000f8e80000)
 ParOldGen       total 699392K, used 699379K [0x00000000c0000000, 0x00000000eab00000, 0x00000000eab00000)
  object space 699392K, 99% used [0x00000000c0000000,0x00000000eaafce90,0x00000000eab00000)
 Metaspace       used 124545K, capacity 130574K, committed 130816K, reserved 1163264K
  class space    used 14924K, capacity 16007K, committed 16128K, reserved 1048576K
Event: 386.450 GC heap after
Heap after GC invocations=124 (full 42):
 PSYoungGen      total 232960K, used 2673K [0x00000000eab00000, 0x0000000100000000, 0x0000000100000000)
  eden space 116736K, 2% used [0x00000000eab00000,0x00000000ead9c638,0x00000000f1d00000)
  from space 116224K, 0% used [0x00000000f8e80000,0x00000000f8e80000,0x0000000100000000)
  to   space 116224K, 0% used [0x00000000f1d00000,0x00000000f1d00000,0x00000000f8e80000)
 ParOldGen       total 699392K, used 699234K [0x00000000c0000000, 0x00000000eab00000, 0x00000000eab00000)
  object space 699392K, 99% used [0x00000000c0000000,0x00000000eaad8b88,0x00000000eab00000)
 Metaspace       used 124545K, capacity 130574K, committed 130816K, reserved 1163264K
  class space    used 14924K, capacity 16007K, committed 16128K, reserved 1048576K
}
Event: 394.935 GC heap before
{Heap before GC invocations=125 (full 43):
 PSYoungGen      total 232960K, used 116736K [0x00000000eab00000, 0x0000000100000000, 0x0000000100000000)
  eden space 116736K, 100% used [0x00000000eab00000,0x00000000f1d00000,0x00000000f1d00000)
  from space 116224K, 0% used [0x00000000f8e80000,0x00000000f8e80000,0x0000000100000000)
  to   space 116224K, 0% used [0x00000000f1d00000,0x00000000f1d00000,0x00000000f8e80000)
 ParOldGen       total 699392K, used 699234K [0x00000000c0000000, 0x00000000eab00000, 0x00000000eab00000)
  object space 699392K, 99% used [0x00000000c0000000,0x00000000eaad8b88,0x00000000eab00000)
 Metaspace       used 124564K, capacity 130574K, committed 130816K, reserved 1163264K
  class space    used 14924K, capacity 16007K, committed 16128K, reserved 1048576K
Event: 395.923 GC heap after
Heap after GC invocations=125 (full 43):
 PSYoungGen      total 232960K, used 6757K [0x00000000eab00000, 0x0000000100000000, 0x0000000100000000)
  eden space 116736K, 5% used [0x00000000eab00000,0x00000000eb1994e8,0x00000000f1d00000)
  from space 116224K, 0% used [0x00000000f8e80000,0x00000000f8e80000,0x0000000100000000)
  to   space 116224K, 0% used [0x00000000f1d00000,0x00000000f1d00000,0x00000000f8e80000)
 ParOldGen       total 699392K, used 699308K [0x00000000c0000000, 0x00000000eab00000, 0x00000000eab00000)
  object space 699392K, 99% used [0x00000000c0000000,0x00000000eaaeb320,0x00000000eab00000)
 Metaspace       used 124564K, capacity 130574K, committed 130816K, reserved 1163264K
  class space    used 14924K, capacity 16007K, committed 16128K, reserved 1048576K
}
Event: 439.644 GC heap before
{Heap before GC invocations=126 (full 44):
 PSYoungGen      total 232960K, used 116736K [0x00000000eab00000, 0x0000000100000000, 0x0000000100000000)
  eden space 116736K, 100% used [0x00000000eab00000,0x00000000f1d00000,0x00000000f1d00000)
  from space 116224K, 0% used [0x00000000f8e80000,0x00000000f8e80000,0x0000000100000000)
  to   space 116224K, 0% used [0x00000000f1d00000,0x00000000f1d00000,0x00000000f8e80000)
 ParOldGen       total 699392K, used 699308K [0x00000000c0000000, 0x00000000eab00000, 0x00000000eab00000)
  object space 699392K, 99% used [0x00000000c0000000,0x00000000eaaeb320,0x00000000eab00000)
 Metaspace       used 124661K, capacity 130678K, committed 131072K, reserved 1165312K
  class space    used 14938K, capacity 16015K, committed 16128K, reserved 1048576K

