# JRE version: Java(TM) SE Runtime Environment (8.0_101-b13) (build 1.8.0_101-b13)
# Java VM: Java HotSpot(TM) 64-Bit Server VM (25.101-b13 mixed mode windows-amd64 compressed oops)
Heap:
 PSYoungGen      total 272384K, used 66095K [0x00000000eab00000, 0x0000000100000000, 0x0000000100000000)
  eden space 205824K, 0% used [0x00000000eab00000,0x00000000eab00000,0x00000000f7400000)
  from space 66560K, 99% used [0x00000000f7400000,0x00000000fb48be28,0x00000000fb500000)
  to   space 76800K, 0% used [0x00000000fb500000,0x00000000fb500000,0x0000000100000000)
 ParOldGen       total 699392K, used 698926K [0x00000000c0000000, 0x00000000eab00000, 0x00000000eab00000)
  object space 699392K, 99% used [0x00000000c0000000,0x00000000eaa8b970,0x00000000eab00000)
 Metaspace       used 127310K, capacity 133058K, committed 133248K, reserved 1167360K
  class space    used 15126K, capacity 16114K, committed 16256K, reserved 1048576K
GC Heap History (10 events):
Event: 1316.916 GC heap after
Heap after GC invocations=153 (full 10):
 PSYoungGen      total 273920K, used 42273K [0x00000000eab00000, 0x0000000100000000, 0x0000000100000000)
  eden space 231424K, 0% used [0x00000000eab00000,0x00000000eab00000,0x00000000f8d00000)
  from space 42496K, 99% used [0x00000000f8d00000,0x00000000fb6485c0,0x00000000fb680000)
  to   space 64000K, 0% used [0x00000000fc180000,0x00000000fc180000,0x0000000100000000)
 ParOldGen       total 699392K, used 609906K [0x00000000c0000000, 0x00000000eab00000, 0x00000000eab00000)
  object space 699392K, 87% used [0x00000000c0000000,0x00000000e539cba0,0x00000000eab00000)
 Metaspace       used 125123K, capacity 130736K, committed 131200K, reserved 1165312K
  class space    used 14921K, capacity 15879K, committed 16256K, reserved 1048576K
}
Event: 1318.050 GC heap before
{Heap before GC invocations=154 (full 10):
 PSYoungGen      total 273920K, used 273697K [0x00000000eab00000, 0x0000000100000000, 0x0000000100000000)
  eden space 231424K, 100% used [0x00000000eab00000,0x00000000f8d00000,0x00000000f8d00000)
  from space 42496K, 99% used [0x00000000f8d00000,0x00000000fb6485c0,0x00000000fb680000)
  to   space 64000K, 0% used [0x00000000fc180000,0x00000000fc180000,0x0000000100000000)
 ParOldGen       total 699392K, used 609906K [0x00000000c0000000, 0x00000000eab00000, 0x00000000eab00000)
  object space 699392K, 87% used [0x00000000c0000000,0x00000000e539cba0,0x00000000eab00000)
 Metaspace       used 126057K, capacity 131694K, committed 132224K, reserved 1165312K
  class space    used 14991K, capacity 15960K, committed 16256K, reserved 1048576K
Event: 1318.085 GC heap after
Heap after GC invocations=154 (full 10):
 PSYoungGen      total 286208K, used 661K [0x00000000eab00000, 0x0000000100000000, 0x0000000100000000)
  eden space 222208K, 0% used [0x00000000eab00000,0x00000000eab00000,0x00000000f8400000)
  from space 64000K, 1% used [0x00000000fc180000,0x00000000fc225418,0x0000000100000000)
  to   space 62976K, 0% used [0x00000000f8400000,0x00000000f8400000,0x00000000fc180000)
 ParOldGen       total 699392K, used 644335K [0x00000000c0000000, 0x00000000eab00000, 0x00000000eab00000)
  object space 699392K, 92% used [0x00000000c0000000,0x00000000e753bcc8,0x00000000eab00000)
 Metaspace       used 126057K, capacity 131694K, committed 132224K, reserved 1165312K
  class space    used 14991K, capacity 15960K, committed 16256K, reserved 1048576K
}
Event: 1319.075 GC heap before
{Heap before GC invocations=155 (full 10):
 PSYoungGen      total 286208K, used 222869K [0x00000000eab00000, 0x0000000100000000, 0x0000000100000000)
  eden space 222208K, 100% used [0x00000000eab00000,0x00000000f8400000,0x00000000f8400000)
  from space 64000K, 1% used [0x00000000fc180000,0x00000000fc225418,0x0000000100000000)
  to   space 62976K, 0% used [0x00000000f8400000,0x00000000f8400000,0x00000000fc180000)
 ParOldGen       total 699392K, used 644335K [0x00000000c0000000, 0x00000000eab00000, 0x00000000eab00000)
  object space 699392K, 92% used [0x00000000c0000000,0x00000000e753bcc8,0x00000000eab00000)
 Metaspace       used 127045K, capacity 132834K, committed 133248K, reserved 1167360K
  class space    used 15098K, capacity 16082K, committed 16256K, reserved 1048576K
Event: 1319.083 GC heap after
Heap after GC invocations=155 (full 10):
 PSYoungGen      total 223232K, used 942K [0x00000000eab00000, 0x00000000ffc00000, 0x0000000100000000)
  eden space 222208K, 0% used [0x00000000eab00000,0x00000000eab00000,0x00000000f8400000)
  from space 1024K, 92% used [0x00000000f8400000,0x00000000f84eb8a8,0x00000000f8500000)
  to   space 61440K, 0% used [0x00000000fc000000,0x00000000fc000000,0x00000000ffc00000)
 ParOldGen       total 699392K, used 644567K [0x00000000c0000000, 0x00000000eab00000, 0x00000000eab00000)
  object space 699392K, 92% used [0x00000000c0000000,0x00000000e7575cc8,0x00000000eab00000)
 Metaspace       used 127045K, capacity 132834K, committed 133248K, reserved 1167360K
  class space    used 15098K, capacity 16082K, committed 16256K, reserved 1048576K
}
Event: 1320.540 GC heap before
{Heap before GC invocations=156 (full 10):
 PSYoungGen      total 223232K, used 223150K [0x00000000eab00000, 0x00000000ffc00000, 0x0000000100000000)
  eden space 222208K, 100% used [0x00000000eab00000,0x00000000f8400000,0x00000000f8400000)
  from space 1024K, 92% used [0x00000000f8400000,0x00000000f84eb8a8,0x00000000f8500000)
  to   space 61440K, 0% used [0x00000000fc000000,0x00000000fc000000,0x00000000ffc00000)
 ParOldGen       total 699392K, used 644567K [0x00000000c0000000, 0x00000000eab00000, 0x00000000eab00000)
  object space 699392K, 92% used [0x00000000c0000000,0x00000000e7575cc8,0x00000000eab00000)
 Metaspace       used 127304K, capacity 133058K, committed 133248K, reserved 1167360K
  class space    used 15126K, capacity 16114K, committed 16256K, reserved 1048576K
Event: 1320.654 GC heap after
Heap after GC invocations=156 (full 10):
 PSYoungGen      total 267264K, used 55637K [0x00000000eab00000, 0x0000000100000000, 0x0000000100000000)
  eden space 205824K, 0% used [0x00000000eab00000,0x00000000eab00000,0x00000000f7400000)
  from space 61440K, 90% used [0x00000000fc000000,0x00000000ff6555b0,0x00000000ffc00000)
  to   space 71680K, 0% used [0x00000000f7400000,0x00000000f7400000,0x00000000fba00000)
 ParOldGen       total 699392K, used 644751K [0x00000000c0000000, 0x00000000eab00000, 0x00000000eab00000)
  object space 699392K, 92% used [0x00000000c0000000,0x00000000e75a3cc8,0x00000000eab00000)
 Metaspace       used 127304K, capacity 133058K, committed 133248K, reserved 1167360K
  class space    used 15126K, capacity 16114K, committed 16256K, reserved 1048576K
}
Event: 1321.786 GC heap before
{Heap before GC invocations=157 (full 10):
 PSYoungGen      total 267264K, used 261461K [0x00000000eab00000, 0x0000000100000000, 0x0000000100000000)
  eden space 205824K, 100% used [0x00000000eab00000,0x00000000f7400000,0x00000000f7400000)
  from space 61440K, 90% used [0x00000000fc000000,0x00000000ff6555b0,0x00000000ffc00000)
  to   space 71680K, 0% used [0x00000000f7400000,0x00000000f7400000,0x00000000fba00000)
 ParOldGen       total 699392K, used 644751K [0x00000000c0000000, 0x00000000eab00000, 0x00000000eab00000)
  object space 699392K, 92% used [0x00000000c0000000,0x00000000e75a3cc8,0x00000000eab00000)
 Metaspace       used 127310K, capacity 133058K, committed 133248K, reserved 1167360K
  class space    used 15126K, capacity 16114K, committed 16256K, reserved 1048576K
Event: 1321.864 GC heap after
Heap after GC invocations=157 (full 10):
 PSYoungGen      total 272384K, used 66095K [0x00000000eab00000, 0x0000000100000000, 0x0000000100000000)
  eden space 205824K, 0% used [0x00000000eab00000,0x00000000eab00000,0x00000000f7400000)
  from space 66560K, 99% used [0x00000000f7400000,0x00000000fb48be28,0x00000000fb500000)
  to   space 76800K, 0% used [0x00000000fb500000,0x00000000fb500000,0x0000000100000000)
 ParOldGen       total 699392K, used 698926K [0x00000000c0000000, 0x00000000eab00000, 0x00000000eab00000)
  object space 699392K, 99% used [0x00000000c0000000,0x00000000eaa8b970,0x00000000eab00000)
 Metaspace       used 127310K, capacity 133058K, committed 133248K, reserved 1167360K
  class space    used 15126K, capacity 16114K, committed 16256K, reserved 1048576K
}
Event: 1321.864 GC heap before
{Heap before GC invocations=158 (full 11):
 PSYoungGen      total 272384K, used 66095K [0x00000000eab00000, 0x0000000100000000, 0x0000000100000000)
  eden space 205824K, 0% used [0x00000000eab00000,0x00000000eab00000,0x00000000f7400000)
  from space 66560K, 99% used [0x00000000f7400000,0x00000000fb48be28,0x00000000fb500000)
  to   space 76800K, 0% used [0x00000000fb500000,0x00000000fb500000,0x0000000100000000)
 ParOldGen       total 699392K, used 698926K [0x00000000c0000000, 0x00000000eab00000, 0x00000000eab00000)
  object space 699392K, 99% used [0x00000000c0000000,0x00000000eaa8b970,0x00000000eab00000)
 Metaspace       used 127310K, capacity 133058K, committed 133248K, reserved 1167360K
  class space    used 15126K, capacity 16114K, committed 16256K, reserved 1048576K

