# JRE version: Java(TM) SE Runtime Environment (8.0_101-b13) (build 1.8.0_101-b13)
# Java VM: Java HotSpot(TM) 64-Bit Server VM (25.101-b13 mixed mode windows-amd64 compressed oops)
Heap:
 PSYoungGen      total 931840K, used 186393K [0x000000076ab00000, 0x00000007c0000000, 0x00000007c0000000)
  eden space 465920K, 0% used [0x000000076ab00000,0x000000076ab00000,0x0000000787200000)
  from space 465920K, 40% used [0x00000007a3900000,0x00000007aef06518,0x00000007c0000000)
  to   space 465920K, 0% used [0x0000000787200000,0x0000000787200000,0x00000007a3900000)
 ParOldGen       total 1157632K, used 1154763K [0x00000006c0000000, 0x0000000706a80000, 0x000000076ab00000)
  object space 1157632K, 99% used [0x00000006c0000000,0x00000007067b2ca8,0x0000000706a80000)
 Metaspace       used 7439K, capacity 7896K, committed 8192K, reserved 1056768K
  class space    used 675K, capacity 720K, committed 768K, reserved 1048576K
GC Heap History (10 events):
Event: 25.325 GC heap after
Heap after GC invocations=25 (full 5):
 PSYoungGen      total 994816K, used 278312K [0x000000076ab00000, 0x00000007c0000000, 0x00000007c0000000)
  eden space 659456K, 0% used [0x000000076ab00000,0x000000076ab00000,0x0000000792f00000)
  from space 335360K, 82% used [0x00000007ab880000,0x00000007bc84a030,0x00000007c0000000)
  to   space 369152K, 0% used [0x0000000792f00000,0x0000000792f00000,0x00000007a9780000)
 ParOldGen       total 1157632K, used 772499K [0x00000006c0000000, 0x0000000706a80000, 0x000000076ab00000)
  object space 1157632K, 66% used [0x00000006c0000000,0x00000006ef264d70,0x0000000706a80000)
 Metaspace       used 7434K, capacity 7896K, committed 8192K, reserved 1056768K
  class space    used 675K, capacity 720K, committed 768K, reserved 1048576K
}
Event: 25.929 GC heap before
{Heap before GC invocations=26 (full 5):
 PSYoungGen      total 994816K, used 937768K [0x000000076ab00000, 0x00000007c0000000, 0x00000007c0000000)
  eden space 659456K, 100% used [0x000000076ab00000,0x0000000792f00000,0x0000000792f00000)
  from space 335360K, 82% used [0x00000007ab880000,0x00000007bc84a030,0x00000007c0000000)
  to   space 369152K, 0% used [0x0000000792f00000,0x0000000792f00000,0x00000007a9780000)
 ParOldGen       total 1157632K, used 772499K [0x00000006c0000000, 0x0000000706a80000, 0x000000076ab00000)
  object space 1157632K, 66% used [0x00000006c0000000,0x00000006ef264d70,0x0000000706a80000)
 Metaspace       used 7438K, capacity 7896K, committed 8192K, reserved 1056768K
  class space    used 675K, capacity 720K, committed 768K, reserved 1048576K
Event: 26.144 GC heap after
Heap after GC invocations=26 (full 5):
 PSYoungGen      total 1025024K, used 365331K [0x000000076ab00000, 0x00000007c0000000, 0x00000007c0000000)
  eden space 659456K, 0% used [0x000000076ab00000,0x000000076ab00000,0x0000000792f00000)
  from space 365568K, 99% used [0x0000000792f00000,0x00000007a93c4ff0,0x00000007a9400000)
  to   space 372736K, 0% used [0x00000007a9400000,0x00000007a9400000,0x00000007c0000000)
 ParOldGen       total 1157632K, used 772499K [0x00000006c0000000, 0x0000000706a80000, 0x000000076ab00000)
  object space 1157632K, 66% used [0x00000006c0000000,0x00000006ef264d70,0x0000000706a80000)
 Metaspace       used 7438K, capacity 7896K, committed 8192K, reserved 1056768K
  class space    used 675K, capacity 720K, committed 768K, reserved 1048576K
}
Event: 26.739 GC heap before
{Heap before GC invocations=27 (full 5):
 PSYoungGen      total 1025024K, used 1024787K [0x000000076ab00000, 0x00000007c0000000, 0x00000007c0000000)
  eden space 659456K, 100% used [0x000000076ab00000,0x0000000792f00000,0x0000000792f00000)
  from space 365568K, 99% used [0x0000000792f00000,0x00000007a93c4ff0,0x00000007a9400000)
  to   space 372736K, 0% used [0x00000007a9400000,0x00000007a9400000,0x00000007c0000000)
 ParOldGen       total 1157632K, used 772499K [0x00000006c0000000, 0x0000000706a80000, 0x000000076ab00000)
  object space 1157632K, 66% used [0x00000006c0000000,0x00000006ef264d70,0x0000000706a80000)
 Metaspace       used 7439K, capacity 7896K, committed 8192K, reserved 1056768K
  class space    used 675K, capacity 720K, committed 768K, reserved 1048576K
Event: 27.705 GC heap after
Heap after GC invocations=27 (full 5):
 PSYoungGen      total 838656K, used 372734K [0x000000076ab00000, 0x00000007c0000000, 0x00000007c0000000)
  eden space 465920K, 0% used [0x000000076ab00000,0x000000076ab00000,0x0000000787200000)
  from space 372736K, 99% used [0x00000007a9400000,0x00000007bffff9a8,0x00000007c0000000)
  to   space 465920K, 0% used [0x0000000787200000,0x0000000787200000,0x00000007a3900000)
 ParOldGen       total 1157632K, used 886989K [0x00000006c0000000, 0x0000000706a80000, 0x000000076ab00000)
  object space 1157632K, 76% used [0x00000006c0000000,0x00000006f62335f0,0x0000000706a80000)
 Metaspace       used 7439K, capacity 7896K, committed 8192K, reserved 1056768K
  class space    used 675K, capacity 720K, committed 768K, reserved 1048576K
}
Event: 28.174 GC heap before
{Heap before GC invocations=28 (full 5):
 PSYoungGen      total 838656K, used 838654K [0x000000076ab00000, 0x00000007c0000000, 0x00000007c0000000)
  eden space 465920K, 100% used [0x000000076ab00000,0x0000000787200000,0x0000000787200000)
  from space 372736K, 99% used [0x00000007a9400000,0x00000007bffff9a8,0x00000007c0000000)
  to   space 465920K, 0% used [0x0000000787200000,0x0000000787200000,0x00000007a3900000)
 ParOldGen       total 1157632K, used 886991K [0x00000006c0000000, 0x0000000706a80000, 0x000000076ab00000)
  object space 1157632K, 76% used [0x00000006c0000000,0x00000006f6233d88,0x0000000706a80000)
 Metaspace       used 7439K, capacity 7896K, committed 8192K, reserved 1056768K
  class space    used 675K, capacity 720K, committed 768K, reserved 1048576K
Event: 28.474 GC heap after
Heap after GC invocations=28 (full 5):
 PSYoungGen      total 931840K, used 448369K [0x000000076ab00000, 0x00000007c0000000, 0x00000007c0000000)
  eden space 465920K, 0% used [0x000000076ab00000,0x000000076ab00000,0x0000000787200000)
  from space 465920K, 96% used [0x0000000787200000,0x00000007a27dc510,0x00000007a3900000)
  to   space 465920K, 0% used [0x00000007a3900000,0x00000007a3900000,0x00000007c0000000)
 ParOldGen       total 1157632K, used 888207K [0x00000006c0000000, 0x0000000706a80000, 0x000000076ab00000)
  object space 1157632K, 76% used [0x00000006c0000000,0x00000006f6363d88,0x0000000706a80000)
 Metaspace       used 7439K, capacity 7896K, committed 8192K, reserved 1056768K
  class space    used 675K, capacity 720K, committed 768K, reserved 1048576K
}
Event: 28.475 GC heap before
{Heap before GC invocations=29 (full 5):
 PSYoungGen      total 931840K, used 455754K [0x000000076ab00000, 0x00000007c0000000, 0x00000007c0000000)
  eden space 465920K, 1% used [0x000000076ab00000,0x000000076b236640,0x0000000787200000)
  from space 465920K, 96% used [0x0000000787200000,0x00000007a27dc510,0x00000007a3900000)
  to   space 465920K, 0% used [0x00000007a3900000,0x00000007a3900000,0x00000007c0000000)
 ParOldGen       total 1157632K, used 888207K [0x00000006c0000000, 0x0000000706a80000, 0x000000076ab00000)
  object space 1157632K, 76% used [0x00000006c0000000,0x00000006f6363d88,0x0000000706a80000)
 Metaspace       used 7439K, capacity 7896K, committed 8192K, reserved 1056768K
  class space    used 675K, capacity 720K, committed 768K, reserved 1048576K
Event: 30.735 GC heap after
Heap after GC invocations=29 (full 5):
 PSYoungGen      total 931840K, used 186393K [0x000000076ab00000, 0x00000007c0000000, 0x00000007c0000000)
  eden space 465920K, 0% used [0x000000076ab00000,0x000000076ab00000,0x0000000787200000)
  from space 465920K, 40% used [0x00000007a3900000,0x00000007aef06518,0x00000007c0000000)
  to   space 465920K, 0% used [0x0000000787200000,0x0000000787200000,0x00000007a3900000)
 ParOldGen       total 1157632K, used 1154763K [0x00000006c0000000, 0x0000000706a80000, 0x000000076ab00000)
  object space 1157632K, 99% used [0x00000006c0000000,0x00000007067b2ca8,0x0000000706a80000)
 Metaspace       used 7439K, capacity 7896K, committed 8192K, reserved 1056768K
  class space    used 675K, capacity 720K, committed 768K, reserved 1048576K
}
Event: 30.735 GC heap before
{Heap before GC invocations=30 (full 6):
 PSYoungGen      total 931840K, used 186393K [0x000000076ab00000, 0x00000007c0000000, 0x00000007c0000000)
  eden space 465920K, 0% used [0x000000076ab00000,0x000000076ab00000,0x0000000787200000)
  from space 465920K, 40% used [0x00000007a3900000,0x00000007aef06518,0x00000007c0000000)
  to   space 465920K, 0% used [0x0000000787200000,0x0000000787200000,0x00000007a3900000)
 ParOldGen       total 1157632K, used 1154763K [0x00000006c0000000, 0x0000000706a80000, 0x000000076ab00000)
  object space 1157632K, 99% used [0x00000006c0000000,0x00000007067b2ca8,0x0000000706a80000)
 Metaspace       used 7439K, capacity 7896K, committed 8192K, reserved 1056768K
  class space    used 675K, capacity 720K, committed 768K, reserved 1048576K

