# JRE version: Java(TM) SE Runtime Environment (8.0_101-b13) (build 1.8.0_101-b13)
# Java VM: Java HotSpot(TM) 64-Bit Server VM (25.101-b13 mixed mode windows-amd64 compressed oops)
Heap:
 PSYoungGen      total 931840K, used 259375K [0x000000076ab00000, 0x00000007c0000000, 0x00000007c0000000)
  eden space 465920K, 0% used [0x000000076ab00000,0x000000076ab00000,0x0000000787200000)
  from space 465920K, 55% used [0x0000000787200000,0x0000000796f4bcd0,0x00000007a3900000)
  to   space 465920K, 0% used [0x00000007a3900000,0x00000007a3900000,0x00000007c0000000)
 ParOldGen       total 1102848K, used 1082122K [0x00000006c0000000, 0x0000000703500000, 0x000000076ab00000)
  object space 1102848K, 98% used [0x00000006c0000000,0x00000007020c2848,0x0000000703500000)
 Metaspace       used 7474K, capacity 7896K, committed 8192K, reserved 1056768K
  class space    used 675K, capacity 720K, committed 768K, reserved 1048576K
GC Heap History (10 events):
Event: 28.834 GC heap after
Heap after GC invocations=26 (full 5):
 PSYoungGen      total 996352K, used 259674K [0x000000076ab00000, 0x00000007c0000000, 0x00000007c0000000)
  eden space 634880K, 0% used [0x000000076ab00000,0x000000076ab00000,0x0000000791700000)
  from space 361472K, 71% used [0x0000000791700000,0x00000007a1496b68,0x00000007a7800000)
  to   space 381952K, 0% used [0x00000007a8b00000,0x00000007a8b00000,0x00000007c0000000)
 ParOldGen       total 1102848K, used 736178K [0x00000006c0000000, 0x0000000703500000, 0x000000076ab00000)
  object space 1102848K, 66% used [0x00000006c0000000,0x00000006eceecb10,0x0000000703500000)
 Metaspace       used 7471K, capacity 7896K, committed 8192K, reserved 1056768K
  class space    used 675K, capacity 720K, committed 768K, reserved 1048576K
}
Event: 29.395 GC heap before
{Heap before GC invocations=27 (full 5):
 PSYoungGen      total 996352K, used 894554K [0x000000076ab00000, 0x00000007c0000000, 0x00000007c0000000)
  eden space 634880K, 100% used [0x000000076ab00000,0x0000000791700000,0x0000000791700000)
  from space 361472K, 71% used [0x0000000791700000,0x00000007a1496b68,0x00000007a7800000)
  to   space 381952K, 0% used [0x00000007a8b00000,0x00000007a8b00000,0x00000007c0000000)
 ParOldGen       total 1102848K, used 736178K [0x00000006c0000000, 0x0000000703500000, 0x000000076ab00000)
  object space 1102848K, 66% used [0x00000006c0000000,0x00000006eceecb10,0x0000000703500000)
 Metaspace       used 7473K, capacity 7896K, committed 8192K, reserved 1056768K
  class space    used 675K, capacity 720K, committed 768K, reserved 1048576K
Event: 29.606 GC heap after
Heap after GC invocations=27 (full 5):
 PSYoungGen      total 923648K, used 341961K [0x000000076ab00000, 0x00000007c0000000, 0x00000007c0000000)
  eden space 541696K, 0% used [0x000000076ab00000,0x000000076ab00000,0x000000078bc00000)
  from space 381952K, 89% used [0x00000007a8b00000,0x00000007bd8f2718,0x00000007c0000000)
  to   space 428032K, 0% used [0x000000078bc00000,0x000000078bc00000,0x00000007a5e00000)
 ParOldGen       total 1102848K, used 736178K [0x00000006c0000000, 0x0000000703500000, 0x000000076ab00000)
  object space 1102848K, 66% used [0x00000006c0000000,0x00000006eceecb10,0x0000000703500000)
 Metaspace       used 7473K, capacity 7896K, committed 8192K, reserved 1056768K
  class space    used 675K, capacity 720K, committed 768K, reserved 1048576K
}
Event: 30.092 GC heap before
{Heap before GC invocations=28 (full 5):
 PSYoungGen      total 923648K, used 883657K [0x000000076ab00000, 0x00000007c0000000, 0x00000007c0000000)
  eden space 541696K, 100% used [0x000000076ab00000,0x000000078bc00000,0x000000078bc00000)
  from space 381952K, 89% used [0x00000007a8b00000,0x00000007bd8f2718,0x00000007c0000000)
  to   space 428032K, 0% used [0x000000078bc00000,0x000000078bc00000,0x00000007a5e00000)
 ParOldGen       total 1102848K, used 736178K [0x00000006c0000000, 0x0000000703500000, 0x000000076ab00000)
  object space 1102848K, 66% used [0x00000006c0000000,0x00000006eceecb10,0x0000000703500000)
 Metaspace       used 7474K, capacity 7896K, committed 8192K, reserved 1056768K
  class space    used 675K, capacity 720K, committed 768K, reserved 1048576K
Event: 30.361 GC heap after
Heap after GC invocations=28 (full 5):
 PSYoungGen      total 969728K, used 428013K [0x000000076ab00000, 0x00000007c0000000, 0x00000007c0000000)
  eden space 541696K, 0% used [0x000000076ab00000,0x000000076ab00000,0x000000078bc00000)
  from space 428032K, 99% used [0x000000078bc00000,0x00000007a5dfb580,0x00000007a5e00000)
  to   space 428032K, 0% used [0x00000007a5e00000,0x00000007a5e00000,0x00000007c0000000)
 ParOldGen       total 1102848K, used 741662K [0x00000006c0000000, 0x0000000703500000, 0x000000076ab00000)
  object space 1102848K, 67% used [0x00000006c0000000,0x00000006ed447a80,0x0000000703500000)
 Metaspace       used 7474K, capacity 7896K, committed 8192K, reserved 1056768K
  class space    used 675K, capacity 720K, committed 768K, reserved 1048576K
}
Event: 30.856 GC heap before
{Heap before GC invocations=29 (full 5):
 PSYoungGen      total 969728K, used 969709K [0x000000076ab00000, 0x00000007c0000000, 0x00000007c0000000)
  eden space 541696K, 100% used [0x000000076ab00000,0x000000078bc00000,0x000000078bc00000)
  from space 428032K, 99% used [0x000000078bc00000,0x00000007a5dfb580,0x00000007a5e00000)
  to   space 428032K, 0% used [0x00000007a5e00000,0x00000007a5e00000,0x00000007c0000000)
 ParOldGen       total 1102848K, used 741662K [0x00000006c0000000, 0x0000000703500000, 0x000000076ab00000)
  object space 1102848K, 67% used [0x00000006c0000000,0x00000006ed447a80,0x0000000703500000)
 Metaspace       used 7474K, capacity 7896K, committed 8192K, reserved 1056768K
  class space    used 675K, capacity 720K, committed 768K, reserved 1048576K
Event: 31.771 GC heap after
Heap after GC invocations=29 (full 5):
 PSYoungGen      total 893952K, used 348244K [0x000000076ab00000, 0x00000007c0000000, 0x00000007c0000000)
  eden space 465920K, 0% used [0x000000076ab00000,0x000000076ab00000,0x0000000787200000)
  from space 428032K, 81% used [0x00000007a5e00000,0x00000007bb215308,0x00000007c0000000)
  to   space 465920K, 0% used [0x0000000787200000,0x0000000787200000,0x00000007a3900000)
 ParOldGen       total 1102848K, used 918915K [0x00000006c0000000, 0x0000000703500000, 0x000000076ab00000)
  object space 1102848K, 83% used [0x00000006c0000000,0x00000006f8160f10,0x0000000703500000)
 Metaspace       used 7474K, capacity 7896K, committed 8192K, reserved 1056768K
  class space    used 675K, capacity 720K, committed 768K, reserved 1048576K
}
Event: 32.227 GC heap before
{Heap before GC invocations=30 (full 5):
 PSYoungGen      total 893952K, used 814164K [0x000000076ab00000, 0x00000007c0000000, 0x00000007c0000000)
  eden space 465920K, 100% used [0x000000076ab00000,0x0000000787200000,0x0000000787200000)
  from space 428032K, 81% used [0x00000007a5e00000,0x00000007bb215308,0x00000007c0000000)
  to   space 465920K, 0% used [0x0000000787200000,0x0000000787200000,0x00000007a3900000)
 ParOldGen       total 1102848K, used 918915K [0x00000006c0000000, 0x0000000703500000, 0x000000076ab00000)
  object space 1102848K, 83% used [0x00000006c0000000,0x00000006f8160f10,0x0000000703500000)
 Metaspace       used 7474K, capacity 7896K, committed 8192K, reserved 1056768K
  class space    used 675K, capacity 720K, committed 768K, reserved 1048576K
Event: 33.276 GC heap after
Heap after GC invocations=30 (full 5):
 PSYoungGen      total 931840K, used 259375K [0x000000076ab00000, 0x00000007c0000000, 0x00000007c0000000)
  eden space 465920K, 0% used [0x000000076ab00000,0x000000076ab00000,0x0000000787200000)
  from space 465920K, 55% used [0x0000000787200000,0x0000000796f4bcd0,0x00000007a3900000)
  to   space 465920K, 0% used [0x00000007a3900000,0x00000007a3900000,0x00000007c0000000)
 ParOldGen       total 1102848K, used 1082122K [0x00000006c0000000, 0x0000000703500000, 0x000000076ab00000)
  object space 1102848K, 98% used [0x00000006c0000000,0x00000007020c2848,0x0000000703500000)
 Metaspace       used 7474K, capacity 7896K, committed 8192K, reserved 1056768K
  class space    used 675K, capacity 720K, committed 768K, reserved 1048576K
}
Event: 33.276 GC heap before
{Heap before GC invocations=31 (full 6):
 PSYoungGen      total 931840K, used 259375K [0x000000076ab00000, 0x00000007c0000000, 0x00000007c0000000)
  eden space 465920K, 0% used [0x000000076ab00000,0x000000076ab00000,0x0000000787200000)
  from space 465920K, 55% used [0x0000000787200000,0x0000000796f4bcd0,0x00000007a3900000)
  to   space 465920K, 0% used [0x00000007a3900000,0x00000007a3900000,0x00000007c0000000)
 ParOldGen       total 1102848K, used 1082122K [0x00000006c0000000, 0x0000000703500000, 0x000000076ab00000)
  object space 1102848K, 98% used [0x00000006c0000000,0x00000007020c2848,0x0000000703500000)
 Metaspace       used 7474K, capacity 7896K, committed 8192K, reserved 1056768K
  class space    used 675K, capacity 720K, committed 768K, reserved 1048576K

