# JRE version: Java(TM) SE Runtime Environment (8.0_101-b13) (build 1.8.0_101-b13)
# Java VM: Java HotSpot(TM) 64-Bit Server VM (25.101-b13 mixed mode windows-amd64 compressed oops)
Heap:
 PSYoungGen      total 981504K, used 272668K [0x000000076ab00000, 0x00000007c0000000, 0x00000007c0000000)
  eden space 693248K, 0% used [0x000000076ab00000,0x000000076ab00000,0x0000000795000000)
  from space 288256K, 94% used [0x00000007ae680000,0x00000007bf0c7248,0x00000007c0000000)
  to   space 352256K, 0% used [0x0000000795000000,0x0000000795000000,0x00000007aa800000)
 ParOldGen       total 772608K, used 713906K [0x00000006c0000000, 0x00000006ef280000, 0x000000076ab00000)
  object space 772608K, 92% used [0x00000006c0000000,0x00000006eb92c9e0,0x00000006ef280000)
 Metaspace       used 6982K, capacity 7672K, committed 7936K, reserved 1056768K
  class space    used 639K, capacity 688K, committed 768K, reserved 1048576K
GC Heap History (10 events):
Event: 13.099 GC heap after
Heap after GC invocations=18 (full 3):
 PSYoungGen      total 910336K, used 185312K [0x000000076ab00000, 0x00000007bd480000, 0x00000007c0000000)
  eden space 724992K, 0% used [0x000000076ab00000,0x000000076ab00000,0x0000000796f00000)
  from space 185344K, 99% used [0x0000000796f00000,0x00000007a23f82f8,0x00000007a2400000)
  to   space 243712K, 0% used [0x00000007ae680000,0x00000007ae680000,0x00000007bd480000)
 ParOldGen       total 491520K, used 465409K [0x00000006c0000000, 0x00000006de000000, 0x000000076ab00000)
  object space 491520K, 94% used [0x00000006c0000000,0x00000006dc6804e0,0x00000006de000000)
 Metaspace       used 6577K, capacity 7384K, committed 7680K, reserved 1056768K
  class space    used 620K, capacity 656K, committed 768K, reserved 1048576K
}
Event: 13.099 GC heap before
{Heap before GC invocations=19 (full 4):
 PSYoungGen      total 910336K, used 185312K [0x000000076ab00000, 0x00000007bd480000, 0x00000007c0000000)
  eden space 724992K, 0% used [0x000000076ab00000,0x000000076ab00000,0x0000000796f00000)
  from space 185344K, 99% used [0x0000000796f00000,0x00000007a23f82f8,0x00000007a2400000)
  to   space 243712K, 0% used [0x00000007ae680000,0x00000007ae680000,0x00000007bd480000)
 ParOldGen       total 491520K, used 465409K [0x00000006c0000000, 0x00000006de000000, 0x000000076ab00000)
  object space 491520K, 94% used [0x00000006c0000000,0x00000006dc6804e0,0x00000006de000000)
 Metaspace       used 6577K, capacity 7384K, committed 7680K, reserved 1056768K
  class space    used 620K, capacity 656K, committed 768K, reserved 1048576K
Event: 15.515 GC heap after
Heap after GC invocations=19 (full 4):
 PSYoungGen      total 910336K, used 152185K [0x000000076ab00000, 0x00000007bd480000, 0x00000007c0000000)
  eden space 724992K, 0% used [0x000000076ab00000,0x000000076ab00000,0x0000000796f00000)
  from space 185344K, 82% used [0x0000000796f00000,0x00000007a039e670,0x00000007a2400000)
  to   space 243712K, 0% used [0x00000007ae680000,0x00000007ae680000,0x00000007bd480000)
 ParOldGen       total 772608K, used 491375K [0x00000006c0000000, 0x00000006ef280000, 0x000000076ab00000)
  object space 772608K, 63% used [0x00000006c0000000,0x00000006ddfdbfb0,0x00000006ef280000)
 Metaspace       used 6577K, capacity 7384K, committed 7680K, reserved 1056768K
  class space    used 620K, capacity 656K, committed 768K, reserved 1048576K
}
Event: 16.420 GC heap before
{Heap before GC invocations=20 (full 4):
 PSYoungGen      total 910336K, used 877177K [0x000000076ab00000, 0x00000007bd480000, 0x00000007c0000000)
  eden space 724992K, 100% used [0x000000076ab00000,0x0000000796f00000,0x0000000796f00000)
  from space 185344K, 82% used [0x0000000796f00000,0x00000007a039e670,0x00000007a2400000)
  to   space 243712K, 0% used [0x00000007ae680000,0x00000007ae680000,0x00000007bd480000)
 ParOldGen       total 772608K, used 491375K [0x00000006c0000000, 0x00000006ef280000, 0x000000076ab00000)
  object space 772608K, 63% used [0x00000006c0000000,0x00000006ddfdbfb0,0x00000006ef280000)
 Metaspace       used 6581K, capacity 7384K, committed 7680K, reserved 1056768K
  class space    used 620K, capacity 656K, committed 768K, reserved 1048576K
Event: 17.446 GC heap after
Heap after GC invocations=20 (full 4):
 PSYoungGen      total 1092608K, used 174804K [0x000000076ab00000, 0x00000007bf900000, 0x00000007c0000000)
  eden space 848896K, 0% used [0x000000076ab00000,0x000000076ab00000,0x000000079e800000)
  from space 243712K, 71% used [0x00000007ae680000,0x00000007b9135208,0x00000007bd480000)
  to   space 260608K, 0% used [0x000000079e800000,0x000000079e800000,0x00000007ae680000)
 ParOldGen       total 772608K, used 573159K [0x00000006c0000000, 0x00000006ef280000, 0x000000076ab00000)
  object space 772608K, 74% used [0x00000006c0000000,0x00000006e2fb9dd8,0x00000006ef280000)
 Metaspace       used 6581K, capacity 7384K, committed 7680K, reserved 1056768K
  class space    used 620K, capacity 656K, committed 768K, reserved 1048576K
}
Event: 19.671 GC heap before
{Heap before GC invocations=21 (full 4):
 PSYoungGen      total 1092608K, used 1023700K [0x000000076ab00000, 0x00000007bf900000, 0x00000007c0000000)
  eden space 848896K, 100% used [0x000000076ab00000,0x000000079e800000,0x000000079e800000)
  from space 243712K, 71% used [0x00000007ae680000,0x00000007b9135208,0x00000007bd480000)
  to   space 260608K, 0% used [0x000000079e800000,0x000000079e800000,0x00000007ae680000)
 ParOldGen       total 772608K, used 573159K [0x00000006c0000000, 0x00000006ef280000, 0x000000076ab00000)
  object space 772608K, 74% used [0x00000006c0000000,0x00000006e2fb9dd8,0x00000006ef280000)
 Metaspace       used 6726K, capacity 7448K, committed 7680K, reserved 1056768K
  class space    used 627K, capacity 656K, committed 768K, reserved 1048576K
Event: 20.437 GC heap after
Heap after GC invocations=21 (full 4):
 PSYoungGen      total 1109504K, used 260599K [0x000000076ab00000, 0x00000007c0000000, 0x00000007c0000000)
  eden space 848896K, 0% used [0x000000076ab00000,0x000000076ab00000,0x000000079e800000)
  from space 260608K, 99% used [0x000000079e800000,0x00000007ae67dff8,0x00000007ae680000)
  to   space 288256K, 0% used [0x00000007ae680000,0x00000007ae680000,0x00000007c0000000)
 ParOldGen       total 772608K, used 598052K [0x00000006c0000000, 0x00000006ef280000, 0x000000076ab00000)
  object space 772608K, 77% used [0x00000006c0000000,0x00000006e4809240,0x00000006ef280000)
 Metaspace       used 6726K, capacity 7448K, committed 7680K, reserved 1056768K
  class space    used 627K, capacity 656K, committed 768K, reserved 1048576K
}
Event: 22.480 GC heap before
{Heap before GC invocations=22 (full 4):
 PSYoungGen      total 1109504K, used 1109495K [0x000000076ab00000, 0x00000007c0000000, 0x00000007c0000000)
  eden space 848896K, 100% used [0x000000076ab00000,0x000000079e800000,0x000000079e800000)
  from space 260608K, 99% used [0x000000079e800000,0x00000007ae67dff8,0x00000007ae680000)
  to   space 288256K, 0% used [0x00000007ae680000,0x00000007ae680000,0x00000007c0000000)
 ParOldGen       total 772608K, used 598052K [0x00000006c0000000, 0x00000006ef280000, 0x000000076ab00000)
  object space 772608K, 77% used [0x00000006c0000000,0x00000006e4809240,0x00000006ef280000)
 Metaspace       used 6982K, capacity 7672K, committed 7936K, reserved 1056768K
  class space    used 639K, capacity 688K, committed 768K, reserved 1048576K
Event: 24.096 GC heap after
Heap after GC invocations=22 (full 4):
 PSYoungGen      total 981504K, used 272668K [0x000000076ab00000, 0x00000007c0000000, 0x00000007c0000000)
  eden space 693248K, 0% used [0x000000076ab00000,0x000000076ab00000,0x0000000795000000)
  from space 288256K, 94% used [0x00000007ae680000,0x00000007bf0c7248,0x00000007c0000000)
  to   space 352256K, 0% used [0x0000000795000000,0x0000000795000000,0x00000007aa800000)
 ParOldGen       total 772608K, used 713906K [0x00000006c0000000, 0x00000006ef280000, 0x000000076ab00000)
  object space 772608K, 92% used [0x00000006c0000000,0x00000006eb92c9e0,0x00000006ef280000)
 Metaspace       used 6982K, capacity 7672K, committed 7936K, reserved 1056768K
  class space    used 639K, capacity 688K, committed 768K, reserved 1048576K
}
Event: 24.096 GC heap before
{Heap before GC invocations=23 (full 5):
 PSYoungGen      total 981504K, used 272668K [0x000000076ab00000, 0x00000007c0000000, 0x00000007c0000000)
  eden space 693248K, 0% used [0x000000076ab00000,0x000000076ab00000,0x0000000795000000)
  from space 288256K, 94% used [0x00000007ae680000,0x00000007bf0c7248,0x00000007c0000000)
  to   space 352256K, 0% used [0x0000000795000000,0x0000000795000000,0x00000007aa800000)
 ParOldGen       total 772608K, used 713906K [0x00000006c0000000, 0x00000006ef280000, 0x000000076ab00000)
  object space 772608K, 92% used [0x00000006c0000000,0x00000006eb92c9e0,0x00000006ef280000)
 Metaspace       used 6982K, capacity 7672K, committed 7936K, reserved 1056768K
  class space    used 639K, capacity 688K, committed 768K, reserved 1048576K

