# JRE version: Java(TM) SE Runtime Environment (8.0_101-b13) (build 1.8.0_101-b13)
# Java VM: Java HotSpot(TM) 64-Bit Server VM (25.101-b13 mixed mode windows-amd64 compressed oops)
Heap:
 PSYoungGen      total 1121280K, used 113683K [0x000000076ab00000, 0x00000007c0000000, 0x00000007c0000000)
  eden space 844800K, 0% used [0x000000076ab00000,0x000000076ab00000,0x000000079e400000)
  from space 276480K, 41% used [0x000000079e400000,0x00000007a5304e50,0x00000007af200000)
  to   space 264192K, 0% used [0x00000007afe00000,0x00000007afe00000,0x00000007c0000000)
 ParOldGen       total 799744K, used 799635K [0x00000006c0000000, 0x00000006f0d00000, 0x000000076ab00000)
  object space 799744K, 99% used [0x00000006c0000000,0x00000006f0ce4e88,0x00000006f0d00000)
 Metaspace       used 6727K, capacity 7448K, committed 7680K, reserved 1056768K
  class space    used 629K, capacity 656K, committed 768K, reserved 1048576K
GC Heap History (10 events):
Event: 14.830 GC heap after
Heap after GC invocations=17 (full 4):
 PSYoungGen      total 878592K, used 6876K [0x000000076ab00000, 0x00000007b4d80000, 0x00000007c0000000)
  eden space 710144K, 0% used [0x000000076ab00000,0x000000076ab00000,0x0000000796080000)
  from space 168448K, 4% used [0x0000000796080000,0x0000000796737058,0x00000007a0500000)
  to   space 169472K, 0% used [0x00000007aa800000,0x00000007aa800000,0x00000007b4d80000)
 ParOldGen       total 726016K, used 470751K [0x00000006c0000000, 0x00000006ec500000, 0x000000076ab00000)
  object space 726016K, 64% used [0x00000006c0000000,0x00000006dcbb7e88,0x00000006ec500000)
 Metaspace       used 6580K, capacity 7320K, committed 7680K, reserved 1056768K
  class space    used 622K, capacity 656K, committed 768K, reserved 1048576K
}
Event: 15.832 GC heap before
{Heap before GC invocations=18 (full 4):
 PSYoungGen      total 878592K, used 717020K [0x000000076ab00000, 0x00000007b4d80000, 0x00000007c0000000)
  eden space 710144K, 100% used [0x000000076ab00000,0x0000000796080000,0x0000000796080000)
  from space 168448K, 4% used [0x0000000796080000,0x0000000796737058,0x00000007a0500000)
  to   space 169472K, 0% used [0x00000007aa800000,0x00000007aa800000,0x00000007b4d80000)
 ParOldGen       total 726016K, used 470751K [0x00000006c0000000, 0x00000006ec500000, 0x000000076ab00000)
  object space 726016K, 64% used [0x00000006c0000000,0x00000006dcbb7e88,0x00000006ec500000)
 Metaspace       used 6592K, capacity 7384K, committed 7680K, reserved 1056768K
  class space    used 623K, capacity 656K, committed 768K, reserved 1048576K
Event: 15.985 GC heap after
Heap after GC invocations=18 (full 4):
 PSYoungGen      total 955392K, used 87488K [0x000000076ab00000, 0x00000007b2080000, 0x00000007c0000000)
  eden space 832000K, 0% used [0x000000076ab00000,0x000000076ab00000,0x000000079d780000)
  from space 123392K, 70% used [0x00000007aa800000,0x00000007afd70028,0x00000007b2080000)
  to   space 168448K, 0% used [0x000000079d780000,0x000000079d780000,0x00000007a7c00000)
 ParOldGen       total 726016K, used 470759K [0x00000006c0000000, 0x00000006ec500000, 0x000000076ab00000)
  object space 726016K, 64% used [0x00000006c0000000,0x00000006dcbb9e88,0x00000006ec500000)
 Metaspace       used 6592K, capacity 7384K, committed 7680K, reserved 1056768K
  class space    used 623K, capacity 656K, committed 768K, reserved 1048576K
}
Event: 17.166 GC heap before
{Heap before GC invocations=19 (full 4):
 PSYoungGen      total 955392K, used 919488K [0x000000076ab00000, 0x00000007b2080000, 0x00000007c0000000)
  eden space 832000K, 100% used [0x000000076ab00000,0x000000079d780000,0x000000079d780000)
  from space 123392K, 70% used [0x00000007aa800000,0x00000007afd70028,0x00000007b2080000)
  to   space 168448K, 0% used [0x000000079d780000,0x000000079d780000,0x00000007a7c00000)
 ParOldGen       total 726016K, used 470759K [0x00000006c0000000, 0x00000006ec500000, 0x000000076ab00000)
  object space 726016K, 64% used [0x00000006c0000000,0x00000006dcbb9e88,0x00000006ec500000)
 Metaspace       used 6593K, capacity 7384K, committed 7680K, reserved 1056768K
  class space    used 623K, capacity 656K, committed 768K, reserved 1048576K
Event: 17.862 GC heap after
Heap after GC invocations=19 (full 4):
 PSYoungGen      total 1000448K, used 168423K [0x000000076ab00000, 0x00000007c0000000, 0x00000007c0000000)
  eden space 832000K, 0% used [0x000000076ab00000,0x000000076ab00000,0x000000079d780000)
  from space 168448K, 99% used [0x000000079d780000,0x00000007a7bf9e98,0x00000007a7c00000)
  to   space 210944K, 0% used [0x00000007b3200000,0x00000007b3200000,0x00000007c0000000)
 ParOldGen       total 726016K, used 509962K [0x00000006c0000000, 0x00000006ec500000, 0x000000076ab00000)
  object space 726016K, 70% used [0x00000006c0000000,0x00000006df202be8,0x00000006ec500000)
 Metaspace       used 6593K, capacity 7384K, committed 7680K, reserved 1056768K
  class space    used 623K, capacity 656K, committed 768K, reserved 1048576K
}
Event: 19.050 GC heap before
{Heap before GC invocations=20 (full 4):
 PSYoungGen      total 1000448K, used 1000423K [0x000000076ab00000, 0x00000007c0000000, 0x00000007c0000000)
  eden space 832000K, 100% used [0x000000076ab00000,0x000000079d780000,0x000000079d780000)
  from space 168448K, 99% used [0x000000079d780000,0x00000007a7bf9e98,0x00000007a7c00000)
  to   space 210944K, 0% used [0x00000007b3200000,0x00000007b3200000,0x00000007c0000000)
 ParOldGen       total 726016K, used 509962K [0x00000006c0000000, 0x00000006ec500000, 0x000000076ab00000)
  object space 726016K, 70% used [0x00000006c0000000,0x00000006df202be8,0x00000006ec500000)
 Metaspace       used 6672K, capacity 7384K, committed 7680K, reserved 1056768K
  class space    used 627K, capacity 656K, committed 768K, reserved 1048576K
Event: 20.341 GC heap after
Heap after GC invocations=20 (full 4):
 PSYoungGen      total 1055744K, used 210940K [0x000000076ab00000, 0x00000007c0000000, 0x00000007c0000000)
  eden space 844800K, 0% used [0x000000076ab00000,0x000000076ab00000,0x000000079e400000)
  from space 210944K, 99% used [0x00000007b3200000,0x00000007bffff060,0x00000007c0000000)
  to   space 276480K, 0% used [0x000000079e400000,0x000000079e400000,0x00000007af200000)
 ParOldGen       total 726016K, used 589906K [0x00000006c0000000, 0x00000006ec500000, 0x000000076ab00000)
  object space 726016K, 81% used [0x00000006c0000000,0x00000006e40148e8,0x00000006ec500000)
 Metaspace       used 6672K, capacity 7384K, committed 7680K, reserved 1056768K
  class space    used 627K, capacity 656K, committed 768K, reserved 1048576K
}
Event: 21.968 GC heap before
{Heap before GC invocations=21 (full 4):
 PSYoungGen      total 1055744K, used 1055740K [0x000000076ab00000, 0x00000007c0000000, 0x00000007c0000000)
  eden space 844800K, 100% used [0x000000076ab00000,0x000000079e400000,0x000000079e400000)
  from space 210944K, 99% used [0x00000007b3200000,0x00000007bffff060,0x00000007c0000000)
  to   space 276480K, 0% used [0x000000079e400000,0x000000079e400000,0x00000007af200000)
 ParOldGen       total 726016K, used 589906K [0x00000006c0000000, 0x00000006ec500000, 0x000000076ab00000)
  object space 726016K, 81% used [0x00000006c0000000,0x00000006e40148e8,0x00000006ec500000)
 Metaspace       used 6727K, capacity 7448K, committed 7680K, reserved 1056768K
  class space    used 629K, capacity 656K, committed 768K, reserved 1048576K
Event: 22.851 GC heap after
Heap after GC invocations=21 (full 4):
 PSYoungGen      total 1121280K, used 113683K [0x000000076ab00000, 0x00000007c0000000, 0x00000007c0000000)
  eden space 844800K, 0% used [0x000000076ab00000,0x000000076ab00000,0x000000079e400000)
  from space 276480K, 41% used [0x000000079e400000,0x00000007a5304e50,0x00000007af200000)
  to   space 264192K, 0% used [0x00000007afe00000,0x00000007afe00000,0x00000007c0000000)
 ParOldGen       total 799744K, used 799635K [0x00000006c0000000, 0x00000006f0d00000, 0x000000076ab00000)
  object space 799744K, 99% used [0x00000006c0000000,0x00000006f0ce4e88,0x00000006f0d00000)
 Metaspace       used 6727K, capacity 7448K, committed 7680K, reserved 1056768K
  class space    used 629K, capacity 656K, committed 768K, reserved 1048576K
}
Event: 22.851 GC heap before
{Heap before GC invocations=22 (full 5):
 PSYoungGen      total 1121280K, used 113683K [0x000000076ab00000, 0x00000007c0000000, 0x00000007c0000000)
  eden space 844800K, 0% used [0x000000076ab00000,0x000000076ab00000,0x000000079e400000)
  from space 276480K, 41% used [0x000000079e400000,0x00000007a5304e50,0x00000007af200000)
  to   space 264192K, 0% used [0x00000007afe00000,0x00000007afe00000,0x00000007c0000000)
 ParOldGen       total 799744K, used 799635K [0x00000006c0000000, 0x00000006f0d00000, 0x000000076ab00000)
  object space 799744K, 99% used [0x00000006c0000000,0x00000006f0ce4e88,0x00000006f0d00000)
 Metaspace       used 6727K, capacity 7448K, committed 7680K, reserved 1056768K
  class space    used 629K, capacity 656K, committed 768K, reserved 1048576K

