# JRE version: Java(TM) SE Runtime Environment (8.0_101-b13) (build 1.8.0_101-b13)
# Java VM: Java HotSpot(TM) 64-Bit Server VM (25.101-b13 mixed mode windows-amd64 compressed oops)
Heap:
 PSYoungGen      total 931840K, used 265835K [0x000000076ab00000, 0x00000007c0000000, 0x00000007c0000000)
  eden space 465920K, 0% used [0x000000076ab00000,0x000000076ab00000,0x0000000787200000)
  from space 465920K, 57% used [0x0000000787200000,0x000000079759ae80,0x00000007a3900000)
  to   space 465920K, 0% used [0x00000007a3900000,0x00000007a3900000,0x00000007c0000000)
 ParOldGen       total 1040384K, used 1035033K [0x00000006c0000000, 0x00000006ff800000, 0x000000076ab00000)
  object space 1040384K, 99% used [0x00000006c0000000,0x00000006ff2c6490,0x00000006ff800000)
 Metaspace       used 7480K, capacity 7896K, committed 8192K, reserved 1056768K
  class space    used 676K, capacity 720K, committed 768K, reserved 1048576K
GC Heap History (10 events):
Event: 28.179 GC heap after
Heap after GC invocations=26 (full 5):
 PSYoungGen      total 989184K, used 251260K [0x000000076ab00000, 0x00000007c0000000, 0x00000007c0000000)
  eden space 625664K, 0% used [0x000000076ab00000,0x000000076ab00000,0x0000000790e00000)
  from space 363520K, 69% used [0x0000000790e00000,0x00000007a035f198,0x00000007a7100000)
  to   space 380928K, 0% used [0x00000007a8c00000,0x00000007a8c00000,0x00000007c0000000)
 ParOldGen       total 1040384K, used 699889K [0x00000006c0000000, 0x00000006ff800000, 0x000000076ab00000)
  object space 1040384K, 67% used [0x00000006c0000000,0x00000006eab7c650,0x00000006ff800000)
 Metaspace       used 7464K, capacity 7896K, committed 8192K, reserved 1056768K
  class space    used 676K, capacity 720K, committed 768K, reserved 1048576K
}
Event: 28.696 GC heap before
{Heap before GC invocations=27 (full 5):
 PSYoungGen      total 989184K, used 876924K [0x000000076ab00000, 0x00000007c0000000, 0x00000007c0000000)
  eden space 625664K, 100% used [0x000000076ab00000,0x0000000790e00000,0x0000000790e00000)
  from space 363520K, 69% used [0x0000000790e00000,0x00000007a035f198,0x00000007a7100000)
  to   space 380928K, 0% used [0x00000007a8c00000,0x00000007a8c00000,0x00000007c0000000)
 ParOldGen       total 1040384K, used 699889K [0x00000006c0000000, 0x00000006ff800000, 0x000000076ab00000)
  object space 1040384K, 67% used [0x00000006c0000000,0x00000006eab7c650,0x00000006ff800000)
 Metaspace       used 7479K, capacity 7896K, committed 8192K, reserved 1056768K
  class space    used 676K, capacity 720K, committed 768K, reserved 1048576K
Event: 28.902 GC heap after
Heap after GC invocations=27 (full 5):
 PSYoungGen      total 929792K, used 333527K [0x000000076ab00000, 0x00000007c0000000, 0x00000007c0000000)
  eden space 548864K, 0% used [0x000000076ab00000,0x000000076ab00000,0x000000078c300000)
  from space 380928K, 87% used [0x00000007a8c00000,0x00000007bd1b5cc0,0x00000007c0000000)
  to   space 424448K, 0% used [0x000000078c300000,0x000000078c300000,0x00000007a6180000)
 ParOldGen       total 1040384K, used 699889K [0x00000006c0000000, 0x00000006ff800000, 0x000000076ab00000)
  object space 1040384K, 67% used [0x00000006c0000000,0x00000006eab7c650,0x00000006ff800000)
 Metaspace       used 7479K, capacity 7896K, committed 8192K, reserved 1056768K
  class space    used 676K, capacity 720K, committed 768K, reserved 1048576K
}
Event: 29.382 GC heap before
{Heap before GC invocations=28 (full 5):
 PSYoungGen      total 929792K, used 882391K [0x000000076ab00000, 0x00000007c0000000, 0x00000007c0000000)
  eden space 548864K, 100% used [0x000000076ab00000,0x000000078c300000,0x000000078c300000)
  from space 380928K, 87% used [0x00000007a8c00000,0x00000007bd1b5cc0,0x00000007c0000000)
  to   space 424448K, 0% used [0x000000078c300000,0x000000078c300000,0x00000007a6180000)
 ParOldGen       total 1040384K, used 699889K [0x00000006c0000000, 0x00000006ff800000, 0x000000076ab00000)
  object space 1040384K, 67% used [0x00000006c0000000,0x00000006eab7c650,0x00000006ff800000)
 Metaspace       used 7480K, capacity 7896K, committed 8192K, reserved 1056768K
  class space    used 676K, capacity 720K, committed 768K, reserved 1048576K
Event: 29.657 GC heap after
Heap after GC invocations=28 (full 5):
 PSYoungGen      total 973312K, used 424437K [0x000000076ab00000, 0x00000007c0000000, 0x00000007c0000000)
  eden space 548864K, 0% used [0x000000076ab00000,0x000000076ab00000,0x000000078c300000)
  from space 424448K, 99% used [0x000000078c300000,0x00000007a617d490,0x00000007a6180000)
  to   space 424448K, 0% used [0x00000007a6180000,0x00000007a6180000,0x00000007c0000000)
 ParOldGen       total 1040384K, used 702939K [0x00000006c0000000, 0x00000006ff800000, 0x000000076ab00000)
  object space 1040384K, 67% used [0x00000006c0000000,0x00000006eae76e98,0x00000006ff800000)
 Metaspace       used 7480K, capacity 7896K, committed 8192K, reserved 1056768K
  class space    used 676K, capacity 720K, committed 768K, reserved 1048576K
}
Event: 30.065 GC heap before
{Heap before GC invocations=29 (full 5):
 PSYoungGen      total 973312K, used 973301K [0x000000076ab00000, 0x00000007c0000000, 0x00000007c0000000)
  eden space 548864K, 100% used [0x000000076ab00000,0x000000078c300000,0x000000078c300000)
  from space 424448K, 99% used [0x000000078c300000,0x00000007a617d490,0x00000007a6180000)
  to   space 424448K, 0% used [0x00000007a6180000,0x00000007a6180000,0x00000007c0000000)
 ParOldGen       total 1040384K, used 702939K [0x00000006c0000000, 0x00000006ff800000, 0x000000076ab00000)
  object space 1040384K, 67% used [0x00000006c0000000,0x00000006eae76e98,0x00000006ff800000)
 Metaspace       used 7480K, capacity 7896K, committed 8192K, reserved 1056768K
  class space    used 676K, capacity 720K, committed 768K, reserved 1048576K
Event: 31.188 GC heap after
Heap after GC invocations=29 (full 5):
 PSYoungGen      total 890368K, used 353876K [0x000000076ab00000, 0x00000007c0000000, 0x00000007c0000000)
  eden space 465920K, 0% used [0x000000076ab00000,0x000000076ab00000,0x0000000787200000)
  from space 424448K, 83% used [0x00000007a6180000,0x00000007bbb152c8,0x00000007c0000000)
  to   space 465920K, 0% used [0x0000000787200000,0x0000000787200000,0x00000007a3900000)
 ParOldGen       total 1040384K, used 872368K [0x00000006c0000000, 0x00000006ff800000, 0x000000076ab00000)
  object space 1040384K, 83% used [0x00000006c0000000,0x00000006f53ec370,0x00000006ff800000)
 Metaspace       used 7480K, capacity 7896K, committed 8192K, reserved 1056768K
  class space    used 676K, capacity 720K, committed 768K, reserved 1048576K
}
Event: 32.064 GC heap before
{Heap before GC invocations=30 (full 5):
 PSYoungGen      total 890368K, used 819796K [0x000000076ab00000, 0x00000007c0000000, 0x00000007c0000000)
  eden space 465920K, 100% used [0x000000076ab00000,0x0000000787200000,0x0000000787200000)
  from space 424448K, 83% used [0x00000007a6180000,0x00000007bbb152c8,0x00000007c0000000)
  to   space 465920K, 0% used [0x0000000787200000,0x0000000787200000,0x00000007a3900000)
 ParOldGen       total 1040384K, used 872368K [0x00000006c0000000, 0x00000006ff800000, 0x000000076ab00000)
  object space 1040384K, 83% used [0x00000006c0000000,0x00000006f53ec388,0x00000006ff800000)
 Metaspace       used 7480K, capacity 7896K, committed 8192K, reserved 1056768K
  class space    used 676K, capacity 720K, committed 768K, reserved 1048576K
Event: 33.270 GC heap after
Heap after GC invocations=30 (full 5):
 PSYoungGen      total 931840K, used 265835K [0x000000076ab00000, 0x00000007c0000000, 0x00000007c0000000)
  eden space 465920K, 0% used [0x000000076ab00000,0x000000076ab00000,0x0000000787200000)
  from space 465920K, 57% used [0x0000000787200000,0x000000079759ae80,0x00000007a3900000)
  to   space 465920K, 0% used [0x00000007a3900000,0x00000007a3900000,0x00000007c0000000)
 ParOldGen       total 1040384K, used 1035033K [0x00000006c0000000, 0x00000006ff800000, 0x000000076ab00000)
  object space 1040384K, 99% used [0x00000006c0000000,0x00000006ff2c6490,0x00000006ff800000)
 Metaspace       used 7480K, capacity 7896K, committed 8192K, reserved 1056768K
  class space    used 676K, capacity 720K, committed 768K, reserved 1048576K
}
Event: 33.270 GC heap before
{Heap before GC invocations=31 (full 6):
 PSYoungGen      total 931840K, used 265835K [0x000000076ab00000, 0x00000007c0000000, 0x00000007c0000000)
  eden space 465920K, 0% used [0x000000076ab00000,0x000000076ab00000,0x0000000787200000)
  from space 465920K, 57% used [0x0000000787200000,0x000000079759ae80,0x00000007a3900000)
  to   space 465920K, 0% used [0x00000007a3900000,0x00000007a3900000,0x00000007c0000000)
 ParOldGen       total 1040384K, used 1035033K [0x00000006c0000000, 0x00000006ff800000, 0x000000076ab00000)
  object space 1040384K, 99% used [0x00000006c0000000,0x00000006ff2c6490,0x00000006ff800000)
 Metaspace       used 7480K, capacity 7896K, committed 8192K, reserved 1056768K
  class space    used 676K, capacity 720K, committed 768K, reserved 1048576K

